This is pdfTeX, Version 3.14159265-2.6-1.40.20 (TeX Live 2019/Debian) (preloaded format=pdflatex 2023.2.28)  28 FEB 2023 21:38
entering extended mode
 restricted \write18 enabled.
 %&-line parsing enabled.
**dissertation.tex
(./dissertation.tex
LaTeX2e <2020-02-02> patch level 2
L3 programming layer <2020-02-14>
(/usr/share/texlive/texmf-dist/tex/latex/base/report.cls
Document Class: report 2019/12/20 v1.4l Standard LaTeX document class
(/usr/share/texlive/texmf-dist/tex/latex/base/size12.clo
File: size12.clo 2019/12/20 v1.4l Standard LaTeX file (size option)
)
\c@part=\count167
\c@chapter=\count168
\c@section=\count169
\c@subsection=\count170
\c@subsubsection=\count171
\c@paragraph=\count172
\c@subparagraph=\count173
\c@figure=\count174
\c@table=\count175
\abovecaptionskip=\skip47
\belowcaptionskip=\skip48
\bibindent=\dimen134
)
(./metafiles/preamble.tex
(/usr/share/texlive/texmf-dist/tex/latex/subfiles/subfiles.sty
Package: subfiles 2020/02/14 v1.6 Multi-file projects (package)

(/usr/share/texlive/texmf-dist/tex/latex/import/import.sty
Package: import 2009/03/23  v 5.1
))
(/usr/share/texlive/texmf-dist/tex/latex/geometry/geometry.sty
Package: geometry 2020/01/02 v5.9 Page Geometry

(/usr/share/texlive/texmf-dist/tex/latex/graphics/keyval.sty
Package: keyval 2014/10/28 v1.15 key=value parser (DPC)
\KV@toks@=\toks14
)
(/usr/share/texlive/texmf-dist/tex/generic/iftex/ifvtex.sty
Package: ifvtex 2019/10/25 v1.7 ifvtex legacy package. Use iftex instead.

(/usr/share/texlive/texmf-dist/tex/generic/iftex/iftex.sty
Package: iftex 2019/11/07 v1.0c TeX engine tests
))
\Gm@cnth=\count176
\Gm@cntv=\count177
\c@Gm@tempcnt=\count178
\Gm@bindingoffset=\dimen135
\Gm@wd@mp=\dimen136
\Gm@odd@mp=\dimen137
\Gm@even@mp=\dimen138
\Gm@layoutwidth=\dimen139
\Gm@layoutheight=\dimen140
\Gm@layouthoffset=\dimen141
\Gm@layoutvoffset=\dimen142
\Gm@dimlist=\toks15
)
(/usr/share/texlive/texmf-dist/tex/latex/lettrine/lettrine.sty
File: lettrine.sty 2019-04-06 v2.22 (Daniel Flipo)

(/usr/share/texlive/texmf-dist/tex/generic/minifp/minifp.sty
Package: minifp 2013/12/30 v0.96. Macros for real number operations and a stack
-based programing language.
\MFP@loopctr=\count179
)
\c@DefaultLines=\count180
\c@DefaultDepth=\count181
\DefaultFindent=\dimen143
\DefaultNindent=\dimen144
\DefaultSlope=\dimen145
\DiscardVskip=\dimen146
\L@lbox=\box45
\L@tbox=\box46
\c@L@lines=\count182
\c@L@depth=\count183
\L@Pindent=\dimen147
\L@Findent=\dimen148
\L@Nindent=\dimen149
\L@lraise=\dimen150
\L@first=\dimen151
\L@next=\dimen152
\L@slope=\dimen153
\L@height=\dimen154
\L@novskip=\dimen155
\L@target@ht=\dimen156
\L@target@dp=\dimen157
\L@target@tht=\dimen158
\LettrineWidth=\dimen159
\LettrineHeight=\dimen160
\LettrineDepth=\dimen161
\Llist@everypar=\toks16

Loading lettrine.cfg
(/usr/share/texlive/texmf-dist/tex/latex/lettrine/lettrine.cfg))
(/usr/share/texlive/texmf-dist/tex/latex/amsmath/amsmath.sty
Package: amsmath 2020/01/20 v2.17e AMS math features
\@mathmargin=\skip49

For additional information on amsmath, use the `?' option.
(/usr/share/texlive/texmf-dist/tex/latex/amsmath/amstext.sty
Package: amstext 2000/06/29 v2.01 AMS text

(/usr/share/texlive/texmf-dist/tex/latex/amsmath/amsgen.sty
File: amsgen.sty 1999/11/30 v2.0 generic functions
\@emptytoks=\toks17
\ex@=\dimen162
))
(/usr/share/texlive/texmf-dist/tex/latex/amsmath/amsbsy.sty
Package: amsbsy 1999/11/29 v1.2d Bold Symbols
\pmbraise@=\dimen163
)
(/usr/share/texlive/texmf-dist/tex/latex/amsmath/amsopn.sty
Package: amsopn 2016/03/08 v2.02 operator names
)
\inf@bad=\count184
LaTeX Info: Redefining \frac on input line 227.
\uproot@=\count185
\leftroot@=\count186
LaTeX Info: Redefining \overline on input line 389.
\classnum@=\count187
\DOTSCASE@=\count188
LaTeX Info: Redefining \ldots on input line 486.
LaTeX Info: Redefining \dots on input line 489.
LaTeX Info: Redefining \cdots on input line 610.
\Mathstrutbox@=\box47
\strutbox@=\box48
\big@size=\dimen164
LaTeX Font Info:    Redeclaring font encoding OML on input line 733.
LaTeX Font Info:    Redeclaring font encoding OMS on input line 734.
\macc@depth=\count189
\c@MaxMatrixCols=\count190
\dotsspace@=\muskip16
\c@parentequation=\count191
\dspbrk@lvl=\count192
\tag@help=\toks18
\row@=\count193
\column@=\count194
\maxfields@=\count195
\andhelp@=\toks19
\eqnshift@=\dimen165
\alignsep@=\dimen166
\tagshift@=\dimen167
\tagwidth@=\dimen168
\totwidth@=\dimen169
\lineht@=\dimen170
\@envbody=\toks20
\multlinegap=\skip50
\multlinetaggap=\skip51
\mathdisplay@stack=\toks21
LaTeX Info: Redefining \[ on input line 2859.
LaTeX Info: Redefining \] on input line 2860.
)
(/usr/share/texlive/texmf-dist/tex/latex/xcolor/xcolor.sty
Package: xcolor 2016/05/11 v2.12 LaTeX color extensions (UK)

(/usr/share/texlive/texmf-dist/tex/latex/graphics-cfg/color.cfg
File: color.cfg 2016/01/02 v1.6 sample color configuration
)
Package xcolor Info: Driver file: pdftex.def on input line 225.

(/usr/share/texlive/texmf-dist/tex/latex/graphics-def/pdftex.def
File: pdftex.def 2018/01/08 v1.0l Graphics/color driver for pdftex
)
Package xcolor Info: Model `cmy' substituted by `cmy0' on input line 1348.
Package xcolor Info: Model `hsb' substituted by `rgb' on input line 1352.
Package xcolor Info: Model `RGB' extended on input line 1364.
Package xcolor Info: Model `HTML' substituted by `rgb' on input line 1366.
Package xcolor Info: Model `Hsb' substituted by `hsb' on input line 1367.
Package xcolor Info: Model `tHsb' substituted by `hsb' on input line 1368.
Package xcolor Info: Model `HSB' substituted by `hsb' on input line 1369.
Package xcolor Info: Model `Gray' substituted by `gray' on input line 1370.
Package xcolor Info: Model `wave' substituted by `hsb' on input line 1371.
)
(/usr/share/texlive/texmf-dist/tex/latex/pgf/utilities/pgfkeys.sty
(/usr/share/texlive/texmf-dist/tex/generic/pgf/utilities/pgfkeys.code.tex
\pgfkeys@pathtoks=\toks22
\pgfkeys@temptoks=\toks23

(/usr/share/texlive/texmf-dist/tex/generic/pgf/utilities/pgfkeysfiltered.code.t
ex
\pgfkeys@tmptoks=\toks24
))) (/usr/share/texlive/texmf-dist/tex/latex/sectsty/sectsty.sty
Package: sectsty 2002/02/25 v2.0.2 Commands to change all sectional heading sty
les


LaTeX Warning: Command \underbar  has changed.
               Check if current package is valid.


LaTeX Warning: Command \underline  has changed.
               Check if current package is valid.

) (/usr/share/texlive/texmf-dist/tex/latex/graphics/graphicx.sty
Package: graphicx 2019/11/30 v1.2a Enhanced LaTeX Graphics (DPC,SPQR)

(/usr/share/texlive/texmf-dist/tex/latex/graphics/graphics.sty
Package: graphics 2019/11/30 v1.4a Standard LaTeX Graphics (DPC,SPQR)

(/usr/share/texlive/texmf-dist/tex/latex/graphics/trig.sty
Package: trig 2016/01/03 v1.10 sin cos tan (DPC)
)
(/usr/share/texlive/texmf-dist/tex/latex/graphics-cfg/graphics.cfg
File: graphics.cfg 2016/06/04 v1.11 sample graphics configuration
)
Package graphics Info: Driver file: pdftex.def on input line 105.
)
\Gin@req@height=\dimen171
\Gin@req@width=\dimen172
)
(/usr/share/texlive/texmf-dist/tex/latex/lipsum/lipsum.sty
(/usr/share/texlive/texmf-dist/tex/latex/l3kernel/expl3.sty
Package: expl3 2020-02-14 L3 programming layer (loader) 

(/usr/share/texlive/texmf-dist/tex/latex/l3backend/l3backend-pdfmode.def
File: l3backend-pdfmode.def 2020-02-03 L3 backend support: PDF mode
\l__kernel_color_stack_int=\count196
\l__pdf_internal_box=\box49
))
(/usr/share/texlive/texmf-dist/tex/latex/l3packages/xparse/xparse.sty
Package: xparse 2020-02-14 L3 Experimental document command parser
\l__xparse_current_arg_int=\count197
\g__xparse_grabber_int=\count198
\l__xparse_m_args_int=\count199
\l__xparse_v_nesting_int=\count266
)
Package: lipsum 2019/01/02 v2.2 150 paragraphs of Lorem Ipsum dummy text

(/usr/share/texlive/texmf-dist/tex/latex/lipsum/lipsum.ltd.tex
File: lipsum.ltd.tex 2019/01/02 v2.2 The Lorem ipsum dummy text
))
(/usr/share/texlive/texmf-dist/tex/generic/babel/babel.sty
Package: babel 2020/02/14 3.40 The Babel package

(/usr/share/texlive/texmf-dist/tex/generic/babel/switch.def
File: switch.def 2020/02/14 3.40 Babel switching mechanism
)
(/usr/share/texlive/texmf-dist/tex/generic/babel-english/english.ldf
Language: english 2017/06/06 v3.3r English support from the babel system

(/usr/share/texlive/texmf-dist/tex/generic/babel/babel.def
File: babel.def 2020/02/14 3.40 Babel common definitions
\babel@savecnt=\count267
\U@D=\dimen173

(/usr/share/texlive/texmf-dist/tex/generic/babel/txtbabel.def)
\bbl@readstream=\read2
\bbl@dirlevel=\count268
)
Package babel Info: \l@canadian = using hyphenrules for english
(babel)             (\language0) on input line 102.
Package babel Info: \l@australian = using hyphenrules for ukenglish
(babel)             (\language82) on input line 105.
Package babel Info: \l@newzealand = using hyphenrules for ukenglish
(babel)             (\language82) on input line 108.
))
(/usr/share/texlive/texmf-dist/tex/latex/base/inputenc.sty
Package: inputenc 2018/08/11 v1.3c Input encoding file
\inpenc@prehook=\toks25
\inpenc@posthook=\toks26
)
(/usr/share/texlive/texmf-dist/tex/latex/biblatex/biblatex.sty
Package: biblatex 2019/12/01 v3.14 programmable bibliographies (PK/MW)

(/usr/share/texlive/texmf-dist/tex/latex/pdftexcmds/pdftexcmds.sty
Package: pdftexcmds 2019/11/24 v0.31 Utility functions of pdfTeX for LuaTeX (HO
)

(/usr/share/texlive/texmf-dist/tex/generic/infwarerr/infwarerr.sty
Package: infwarerr 2019/12/03 v1.5 Providing info/warning/error messages (HO)
)
(/usr/share/texlive/texmf-dist/tex/generic/ltxcmds/ltxcmds.sty
Package: ltxcmds 2019/12/15 v1.24 LaTeX kernel commands for general use (HO)
)
Package pdftexcmds Info: \pdf@primitive is available.
Package pdftexcmds Info: \pdf@ifprimitive is available.
Package pdftexcmds Info: \pdfdraftmode found.
)
(/usr/share/texlive/texmf-dist/tex/latex/etoolbox/etoolbox.sty
Package: etoolbox 2019/09/21 v2.5h e-TeX tools for LaTeX (JAW)
\etb@tempcnta=\count269
)
(/usr/share/texlive/texmf-dist/tex/latex/kvoptions/kvoptions.sty
Package: kvoptions 2019/11/29 v3.13 Key value format for package options (HO)

(/usr/share/texlive/texmf-dist/tex/generic/kvsetkeys/kvsetkeys.sty
Package: kvsetkeys 2019/12/15 v1.18 Key value parser (HO)
))
(/usr/share/texlive/texmf-dist/tex/latex/logreq/logreq.sty
Package: logreq 2010/08/04 v1.0 xml request logger
\lrq@indent=\count270

(/usr/share/texlive/texmf-dist/tex/latex/logreq/logreq.def
File: logreq.def 2010/08/04 v1.0 logreq spec v1.0
))
(/usr/share/texlive/texmf-dist/tex/latex/base/ifthen.sty
Package: ifthen 2014/09/29 v1.1c Standard LaTeX ifthen package (DPC)
)
(/usr/share/texlive/texmf-dist/tex/latex/url/url.sty
\Urlmuskip=\muskip17
Package: url 2013/09/16  ver 3.4  Verb mode for urls, etc.
)
\c@tabx@nest=\count271
\c@listtotal=\count272
\c@listcount=\count273
\c@liststart=\count274
\c@liststop=\count275
\c@citecount=\count276
\c@citetotal=\count277
\c@multicitecount=\count278
\c@multicitetotal=\count279
\c@instcount=\count280
\c@maxnames=\count281
\c@minnames=\count282
\c@maxitems=\count283
\c@minitems=\count284
\c@citecounter=\count285
\c@maxcitecounter=\count286
\c@savedcitecounter=\count287
\c@uniquelist=\count288
\c@uniquename=\count289
\c@refsection=\count290
\c@refsegment=\count291
\c@maxextratitle=\count292
\c@maxextratitleyear=\count293
\c@maxextraname=\count294
\c@maxextradate=\count295
\c@maxextraalpha=\count296
\c@abbrvpenalty=\count297
\c@highnamepenalty=\count298
\c@lownamepenalty=\count299
\c@maxparens=\count300
\c@parenlevel=\count301
\blx@tempcnta=\count302
\blx@tempcntb=\count303
\blx@tempcntc=\count304
\blx@maxsection=\count305
\blx@maxsegment@0=\count306
\blx@notetype=\count307
\blx@parenlevel@text=\count308
\blx@parenlevel@foot=\count309
\blx@sectionciteorder@0=\count310
\blx@entrysetcounter=\count311
\labelnumberwidth=\skip52
\labelalphawidth=\skip53
\biblabelsep=\skip54
\bibitemsep=\skip55
\bibnamesep=\skip56
\bibinitsep=\skip57
\bibparsep=\skip58
\bibhang=\skip59
\blx@bcfin=\read3
\blx@bcfout=\write3
\blx@langwohyphens=\language85
\c@mincomprange=\count312
\c@maxcomprange=\count313
\c@mincompwidth=\count314
Package biblatex Info: Trying to load biblatex default data model...
Package biblatex Info: ... file 'blx-dm.def' found.

(/usr/share/texlive/texmf-dist/tex/latex/biblatex/blx-dm.def
File: blx-dm.def 2019/12/01 v3.14 biblatex localization (PK/MW)
)
Package biblatex Info: Trying to load biblatex style data model...
Package biblatex Info: ... file 'numeric.dbx' not found.
Package biblatex Info: Trying to load biblatex custom data model...
Package biblatex Info: ... file 'biblatex-dm.cfg' not found.
\c@afterword=\count315
\c@savedafterword=\count316
\c@annotator=\count317
\c@savedannotator=\count318
\c@author=\count319
\c@savedauthor=\count320
\c@bookauthor=\count321
\c@savedbookauthor=\count322
\c@commentator=\count323
\c@savedcommentator=\count324
\c@editor=\count325
\c@savededitor=\count326
\c@editora=\count327
\c@savededitora=\count328
\c@editorb=\count329
\c@savededitorb=\count330
\c@editorc=\count331
\c@savededitorc=\count332
\c@foreword=\count333
\c@savedforeword=\count334
\c@holder=\count335
\c@savedholder=\count336
\c@introduction=\count337
\c@savedintroduction=\count338
\c@namea=\count339
\c@savednamea=\count340
\c@nameb=\count341
\c@savednameb=\count342
\c@namec=\count343
\c@savednamec=\count344
\c@translator=\count345
\c@savedtranslator=\count346
\c@shortauthor=\count347
\c@savedshortauthor=\count348
\c@shorteditor=\count349
\c@savedshorteditor=\count350
\c@labelname=\count351
\c@savedlabelname=\count352
\c@institution=\count353
\c@savedinstitution=\count354
\c@lista=\count355
\c@savedlista=\count356
\c@listb=\count357
\c@savedlistb=\count358
\c@listc=\count359
\c@savedlistc=\count360
\c@listd=\count361
\c@savedlistd=\count362
\c@liste=\count363
\c@savedliste=\count364
\c@listf=\count365
\c@savedlistf=\count366
\c@location=\count367
\c@savedlocation=\count368
\c@organization=\count369
\c@savedorganization=\count370
\c@origlocation=\count371
\c@savedoriglocation=\count372
\c@origpublisher=\count373
\c@savedorigpublisher=\count374
\c@publisher=\count375
\c@savedpublisher=\count376
\c@language=\count377
\c@savedlanguage=\count378
\c@origlanguage=\count379
\c@savedoriglanguage=\count380
\c@pageref=\count381
\c@savedpageref=\count382
\shorthandwidth=\skip60
\shortjournalwidth=\skip61
\shortserieswidth=\skip62
\shorttitlewidth=\skip63
\shortauthorwidth=\skip64
\shorteditorwidth=\skip65
\locallabelnumberwidth=\skip66
\locallabelalphawidth=\skip67
\localshorthandwidth=\skip68
\localshortjournalwidth=\skip69
\localshortserieswidth=\skip70
\localshorttitlewidth=\skip71
\localshortauthorwidth=\skip72
\localshorteditorwidth=\skip73
Package biblatex Info: Trying to load compatibility code...
Package biblatex Info: ... file 'blx-compat.def' found.

(/usr/share/texlive/texmf-dist/tex/latex/biblatex/blx-compat.def
File: blx-compat.def 2019/12/01 v3.14 biblatex compatibility (PK/MW)
)
Package biblatex Info: Trying to load generic definitions...
Package biblatex Info: ... file 'biblatex.def' found.

(/usr/share/texlive/texmf-dist/tex/latex/biblatex/biblatex.def
File: biblatex.def 2019/12/01 v3.14 biblatex compatibility (PK/MW)
\c@textcitecount=\count383
\c@textcitetotal=\count384
\c@textcitemaxnames=\count385
\c@biburlbigbreakpenalty=\count386
\c@biburlbreakpenalty=\count387
\c@biburlnumpenalty=\count388
\c@biburlucpenalty=\count389
\c@biburllcpenalty=\count390
\biburlbigskip=\muskip18
\biburlnumskip=\muskip19
\biburlucskip=\muskip20
\biburllcskip=\muskip21
\c@smartand=\count391
)
Package biblatex Info: Trying to load bibliography style 'numeric'...
Package biblatex Info: ... file 'numeric.bbx' found.

(/usr/share/texlive/texmf-dist/tex/latex/biblatex/bbx/numeric.bbx
File: numeric.bbx 2019/12/01 v3.14 biblatex bibliography style (PK/MW)
Package biblatex Info: Trying to load bibliography style 'standard'...
Package biblatex Info: ... file 'standard.bbx' found.

(/usr/share/texlive/texmf-dist/tex/latex/biblatex/bbx/standard.bbx
File: standard.bbx 2019/12/01 v3.14 biblatex bibliography style (PK/MW)
\c@bbx:relatedcount=\count392
\c@bbx:relatedtotal=\count393
))
Package biblatex Info: Trying to load citation style 'numeric'...
Package biblatex Info: ... file 'numeric.cbx' found.

(/usr/share/texlive/texmf-dist/tex/latex/biblatex/cbx/numeric.cbx
File: numeric.cbx 2019/12/01 v3.14 biblatex citation style (PK/MW)
Package biblatex Info: Redefining '\cite'.
Package biblatex Info: Redefining '\parencite'.
Package biblatex Info: Redefining '\footcite'.
Package biblatex Info: Redefining '\footcitetext'.
Package biblatex Info: Redefining '\smartcite'.
Package biblatex Info: Redefining '\supercite'.
Package biblatex Info: Redefining '\textcite'.
Package biblatex Info: Redefining '\textcites'.
Package biblatex Info: Redefining '\cites'.
Package biblatex Info: Redefining '\parencites'.
Package biblatex Info: Redefining '\smartcites'.
)
Package biblatex Info: Trying to load configuration file...
Package biblatex Info: ... file 'biblatex.cfg' found.

(/usr/share/texlive/texmf-dist/tex/latex/biblatex/biblatex.cfg
File: biblatex.cfg 
))
(/usr/share/texlive/texmf-dist/tex/latex/appendix/appendix.sty
Package: appendix 2020/02/08 v1.2c extra appendix facilities
\c@@pps=\count394
\c@@ppsavesec=\count395
\c@@ppsaveapp=\count396
)
(/usr/share/texlive/texmf-dist/tex/latex/setspace/setspace.sty
Package: setspace 2011/12/19 v6.7a set line spacing
)
(/usr/share/texlive/texmf-dist/tex/latex/titlesec/titlesec.sty
Package: titlesec 2019/10/16 v2.13 Sectioning titles
\ttl@box=\box50
\beforetitleunit=\skip74
\aftertitleunit=\skip75
\ttl@plus=\dimen174
\ttl@minus=\dimen175
\ttl@toksa=\toks27
\titlewidth=\dimen176
\titlewidthlast=\dimen177
\titlewidthfirst=\dimen178
)
(/usr/share/texlive/texmf-dist/tex/latex/csquotes/csquotes.sty
Package: csquotes 2019-12-06 v5.2j context-sensitive quotations (JAW)
\csq@reset=\count397
\csq@gtype=\count398
\csq@glevel=\count399
\csq@qlevel=\count400
\csq@maxlvl=\count401
\csq@tshold=\count402
\csq@ltx@everypar=\toks28

(/usr/share/texlive/texmf-dist/tex/latex/csquotes/csquotes.def
File: csquotes.def 2019-12-06 v5.2j csquotes generic definitions (JAW)
)
Package csquotes Info: Trying to load configuration file 'csquotes.cfg'...
Package csquotes Info: ... configuration file loaded successfully.

(/usr/share/texlive/texmf-dist/tex/latex/csquotes/csquotes.cfg
File: csquotes.cfg 
))
(/usr/share/texlive/texmf-dist/tex/latex/hyperref/hyperref.sty
Package: hyperref 2020/01/14 v7.00d Hypertext links for LaTeX

(/usr/share/texlive/texmf-dist/tex/generic/kvdefinekeys/kvdefinekeys.sty
Package: kvdefinekeys 2019-12-19 v1.6 Define keys (HO)
)
(/usr/share/texlive/texmf-dist/tex/generic/pdfescape/pdfescape.sty
Package: pdfescape 2019/12/09 v1.15 Implements pdfTeX's escape features (HO)
)
(/usr/share/texlive/texmf-dist/tex/latex/hycolor/hycolor.sty
Package: hycolor 2020-01-27 v1.10 Color options for hyperref/bookmark (HO)
)
(/usr/share/texlive/texmf-dist/tex/latex/letltxmacro/letltxmacro.sty
Package: letltxmacro 2019/12/03 v1.6 Let assignment for LaTeX macros (HO)
)
(/usr/share/texlive/texmf-dist/tex/latex/auxhook/auxhook.sty
Package: auxhook 2019-12-17 v1.6 Hooks for auxiliary files (HO)
)
\@linkdim=\dimen179
\Hy@linkcounter=\count403
\Hy@pagecounter=\count404

(/usr/share/texlive/texmf-dist/tex/latex/hyperref/pd1enc.def
File: pd1enc.def 2020/01/14 v7.00d Hyperref: PDFDocEncoding definition (HO)
Now handling font encoding PD1 ...
... no UTF-8 mapping file for font encoding PD1
)
(/usr/share/texlive/texmf-dist/tex/generic/intcalc/intcalc.sty
Package: intcalc 2019/12/15 v1.3 Expandable calculations with integers (HO)
)
(/usr/share/texlive/texmf-dist/tex/generic/etexcmds/etexcmds.sty
Package: etexcmds 2019/12/15 v1.7 Avoid name clashes with e-TeX commands (HO)
)
\Hy@SavedSpaceFactor=\count405
\pdfmajorversion=\count406
Package hyperref Info: Hyper figures OFF on input line 4547.
Package hyperref Info: Link nesting OFF on input line 4552.
Package hyperref Info: Hyper index ON on input line 4555.
Package hyperref Info: Plain pages OFF on input line 4562.
Package hyperref Info: Backreferencing OFF on input line 4567.
Package hyperref Info: Implicit mode ON; LaTeX internals redefined.
Package hyperref Info: Bookmarks ON on input line 4800.
\c@Hy@tempcnt=\count407
LaTeX Info: Redefining \url on input line 5159.
\XeTeXLinkMargin=\dimen180

(/usr/share/texlive/texmf-dist/tex/generic/bitset/bitset.sty
Package: bitset 2019/12/09 v1.3 Handle bit-vector datatype (HO)

(/usr/share/texlive/texmf-dist/tex/generic/bigintcalc/bigintcalc.sty
Package: bigintcalc 2019/12/15 v1.5 Expandable calculations on big integers (HO
)
))
\Fld@menulength=\count408
\Field@Width=\dimen181
\Fld@charsize=\dimen182
Package hyperref Info: Hyper figures OFF on input line 6430.
Package hyperref Info: Link nesting OFF on input line 6435.
Package hyperref Info: Hyper index ON on input line 6438.
Package hyperref Info: backreferencing OFF on input line 6445.
Package hyperref Info: Link coloring OFF on input line 6450.
Package hyperref Info: Link coloring with OCG OFF on input line 6455.
Package hyperref Info: PDF/A mode OFF on input line 6460.
LaTeX Info: Redefining \ref on input line 6500.
LaTeX Info: Redefining \pageref on input line 6504.

(/usr/share/texlive/texmf-dist/tex/generic/atbegshi/atbegshi.sty
Package: atbegshi 2019/12/05 v1.19 At begin shipout hook (HO)
)
\Hy@abspage=\count409
\c@Item=\count410
\c@Hfootnote=\count411
)
Package hyperref Info: Driver (autodetected): hpdftex.

(/usr/share/texlive/texmf-dist/tex/latex/hyperref/hpdftex.def
File: hpdftex.def 2020/01/14 v7.00d Hyperref driver for pdfTeX

(/usr/share/texlive/texmf-dist/tex/latex/atveryend/atveryend.sty
Package: atveryend 2019-12-11 v1.11 Hooks at the very end of document (HO)
)
\Fld@listcount=\count412
\c@bookmark@seq@number=\count413

(/usr/share/texlive/texmf-dist/tex/latex/rerunfilecheck/rerunfilecheck.sty
Package: rerunfilecheck 2019/12/05 v1.9 Rerun checks for auxiliary files (HO)

(/usr/share/texlive/texmf-dist/tex/generic/uniquecounter/uniquecounter.sty
Package: uniquecounter 2019/12/15 v1.4 Provide unlimited unique counter (HO)
)
Package uniquecounter Info: New unique counter `rerunfilecheck' on input line 2
86.
)
\Hy@SectionHShift=\skip76
)
(/usr/share/texlive/texmf-dist/tex/latex/booktabs/booktabs.sty
Package: booktabs 2020/01/12 v1.61803398 Publication quality tables
\heavyrulewidth=\dimen183
\lightrulewidth=\dimen184
\cmidrulewidth=\dimen185
\belowrulesep=\dimen186
\belowbottomsep=\dimen187
\aboverulesep=\dimen188
\abovetopsep=\dimen189
\cmidrulesep=\dimen190
\cmidrulekern=\dimen191
\defaultaddspace=\dimen192
\@cmidla=\count414
\@cmidlb=\count415
\@aboverulesep=\dimen193
\@belowrulesep=\dimen194
\@thisruleclass=\count416
\@lastruleclass=\count417
\@thisrulewidth=\dimen195
)
(/usr/share/texlive/texmf-dist/tex/latex/physics/physics.sty
Package: physics 
)
(/usr/share/texlive/texmf-dist/tex/latex/pgf/frontendlayer/tikz.sty
(/usr/share/texlive/texmf-dist/tex/latex/pgf/basiclayer/pgf.sty
(/usr/share/texlive/texmf-dist/tex/latex/pgf/utilities/pgfrcs.sty
(/usr/share/texlive/texmf-dist/tex/generic/pgf/utilities/pgfutil-common.tex
\pgfutil@everybye=\toks29
\pgfutil@tempdima=\dimen196
\pgfutil@tempdimb=\dimen197

(/usr/share/texlive/texmf-dist/tex/generic/pgf/utilities/pgfutil-common-lists.t
ex)) (/usr/share/texlive/texmf-dist/tex/generic/pgf/utilities/pgfutil-latex.def
\pgfutil@abb=\box51
(/usr/share/texlive/texmf-dist/tex/latex/ms/everyshi.sty
Package: everyshi 2001/05/15 v3.00 EveryShipout Package (MS)
))
(/usr/share/texlive/texmf-dist/tex/generic/pgf/utilities/pgfrcs.code.tex
(/usr/share/texlive/texmf-dist/tex/generic/pgf/pgf.revision.tex)
Package: pgfrcs 2020/01/08 v3.1.5b (3.1.5b)
))
Package: pgf 2020/01/08 v3.1.5b (3.1.5b)

(/usr/share/texlive/texmf-dist/tex/latex/pgf/basiclayer/pgfcore.sty
(/usr/share/texlive/texmf-dist/tex/latex/pgf/systemlayer/pgfsys.sty
(/usr/share/texlive/texmf-dist/tex/generic/pgf/systemlayer/pgfsys.code.tex
Package: pgfsys 2020/01/08 v3.1.5b (3.1.5b)

(/usr/share/texlive/texmf-dist/tex/generic/pgf/utilities/pgfkeys.code.tex)
\pgf@x=\dimen198
\pgf@y=\dimen199
\pgf@xa=\dimen256
\pgf@ya=\dimen257
\pgf@xb=\dimen258
\pgf@yb=\dimen259
\pgf@xc=\dimen260
\pgf@yc=\dimen261
\pgf@xd=\dimen262
\pgf@yd=\dimen263
\w@pgf@writea=\write4
\r@pgf@reada=\read4
\c@pgf@counta=\count418
\c@pgf@countb=\count419
\c@pgf@countc=\count420
\c@pgf@countd=\count421
\t@pgf@toka=\toks30
\t@pgf@tokb=\toks31
\t@pgf@tokc=\toks32
\pgf@sys@id@count=\count422

(/usr/share/texlive/texmf-dist/tex/generic/pgf/systemlayer/pgf.cfg
File: pgf.cfg 2020/01/08 v3.1.5b (3.1.5b)
)
Driver file for pgf: pgfsys-pdftex.def

(/usr/share/texlive/texmf-dist/tex/generic/pgf/systemlayer/pgfsys-pdftex.def
File: pgfsys-pdftex.def 2020/01/08 v3.1.5b (3.1.5b)

(/usr/share/texlive/texmf-dist/tex/generic/pgf/systemlayer/pgfsys-common-pdf.de
f
File: pgfsys-common-pdf.def 2020/01/08 v3.1.5b (3.1.5b)
)))
(/usr/share/texlive/texmf-dist/tex/generic/pgf/systemlayer/pgfsyssoftpath.code.
tex
File: pgfsyssoftpath.code.tex 2020/01/08 v3.1.5b (3.1.5b)
\pgfsyssoftpath@smallbuffer@items=\count423
\pgfsyssoftpath@bigbuffer@items=\count424
)
(/usr/share/texlive/texmf-dist/tex/generic/pgf/systemlayer/pgfsysprotocol.code.
tex
File: pgfsysprotocol.code.tex 2020/01/08 v3.1.5b (3.1.5b)
))
(/usr/share/texlive/texmf-dist/tex/generic/pgf/basiclayer/pgfcore.code.tex
Package: pgfcore 2020/01/08 v3.1.5b (3.1.5b)

(/usr/share/texlive/texmf-dist/tex/generic/pgf/math/pgfmath.code.tex
(/usr/share/texlive/texmf-dist/tex/generic/pgf/math/pgfmathcalc.code.tex
(/usr/share/texlive/texmf-dist/tex/generic/pgf/math/pgfmathutil.code.tex)
(/usr/share/texlive/texmf-dist/tex/generic/pgf/math/pgfmathparser.code.tex
\pgfmath@dimen=\dimen264
\pgfmath@count=\count425
\pgfmath@box=\box52
\pgfmath@toks=\toks33
\pgfmath@stack@operand=\toks34
\pgfmath@stack@operation=\toks35
)
(/usr/share/texlive/texmf-dist/tex/generic/pgf/math/pgfmathfunctions.code.tex
(/usr/share/texlive/texmf-dist/tex/generic/pgf/math/pgfmathfunctions.basic.code
.tex)
(/usr/share/texlive/texmf-dist/tex/generic/pgf/math/pgfmathfunctions.trigonomet
ric.code.tex)
(/usr/share/texlive/texmf-dist/tex/generic/pgf/math/pgfmathfunctions.random.cod
e.tex)
(/usr/share/texlive/texmf-dist/tex/generic/pgf/math/pgfmathfunctions.comparison
.code.tex)
(/usr/share/texlive/texmf-dist/tex/generic/pgf/math/pgfmathfunctions.base.code.
tex)
(/usr/share/texlive/texmf-dist/tex/generic/pgf/math/pgfmathfunctions.round.code
.tex)
(/usr/share/texlive/texmf-dist/tex/generic/pgf/math/pgfmathfunctions.misc.code.
tex)
(/usr/share/texlive/texmf-dist/tex/generic/pgf/math/pgfmathfunctions.integerari
thmetics.code.tex)))
(/usr/share/texlive/texmf-dist/tex/generic/pgf/math/pgfmathfloat.code.tex
\c@pgfmathroundto@lastzeros=\count426
))
(/usr/share/texlive/texmf-dist/tex/generic/pgf/math/pgfint.code.tex)
(/usr/share/texlive/texmf-dist/tex/generic/pgf/basiclayer/pgfcorepoints.code.te
x
File: pgfcorepoints.code.tex 2020/01/08 v3.1.5b (3.1.5b)
\pgf@picminx=\dimen265
\pgf@picmaxx=\dimen266
\pgf@picminy=\dimen267
\pgf@picmaxy=\dimen268
\pgf@pathminx=\dimen269
\pgf@pathmaxx=\dimen270
\pgf@pathminy=\dimen271
\pgf@pathmaxy=\dimen272
\pgf@xx=\dimen273
\pgf@xy=\dimen274
\pgf@yx=\dimen275
\pgf@yy=\dimen276
\pgf@zx=\dimen277
\pgf@zy=\dimen278
)
(/usr/share/texlive/texmf-dist/tex/generic/pgf/basiclayer/pgfcorepathconstruct.
code.tex
File: pgfcorepathconstruct.code.tex 2020/01/08 v3.1.5b (3.1.5b)
\pgf@path@lastx=\dimen279
\pgf@path@lasty=\dimen280
)
(/usr/share/texlive/texmf-dist/tex/generic/pgf/basiclayer/pgfcorepathusage.code
.tex
File: pgfcorepathusage.code.tex 2020/01/08 v3.1.5b (3.1.5b)
\pgf@shorten@end@additional=\dimen281
\pgf@shorten@start@additional=\dimen282
)
(/usr/share/texlive/texmf-dist/tex/generic/pgf/basiclayer/pgfcorescopes.code.te
x
File: pgfcorescopes.code.tex 2020/01/08 v3.1.5b (3.1.5b)
\pgfpic=\box53
\pgf@hbox=\box54
\pgf@layerbox@main=\box55
\pgf@picture@serial@count=\count427
)
(/usr/share/texlive/texmf-dist/tex/generic/pgf/basiclayer/pgfcoregraphicstate.c
ode.tex
File: pgfcoregraphicstate.code.tex 2020/01/08 v3.1.5b (3.1.5b)
\pgflinewidth=\dimen283
)
(/usr/share/texlive/texmf-dist/tex/generic/pgf/basiclayer/pgfcoretransformation
s.code.tex
File: pgfcoretransformations.code.tex 2020/01/08 v3.1.5b (3.1.5b)
\pgf@pt@x=\dimen284
\pgf@pt@y=\dimen285
\pgf@pt@temp=\dimen286
)
(/usr/share/texlive/texmf-dist/tex/generic/pgf/basiclayer/pgfcorequick.code.tex
File: pgfcorequick.code.tex 2020/01/08 v3.1.5b (3.1.5b)
)
(/usr/share/texlive/texmf-dist/tex/generic/pgf/basiclayer/pgfcoreobjects.code.t
ex
File: pgfcoreobjects.code.tex 2020/01/08 v3.1.5b (3.1.5b)
)
(/usr/share/texlive/texmf-dist/tex/generic/pgf/basiclayer/pgfcorepathprocessing
.code.tex
File: pgfcorepathprocessing.code.tex 2020/01/08 v3.1.5b (3.1.5b)
)
(/usr/share/texlive/texmf-dist/tex/generic/pgf/basiclayer/pgfcorearrows.code.te
x
File: pgfcorearrows.code.tex 2020/01/08 v3.1.5b (3.1.5b)
\pgfarrowsep=\dimen287
)
(/usr/share/texlive/texmf-dist/tex/generic/pgf/basiclayer/pgfcoreshade.code.tex
File: pgfcoreshade.code.tex 2020/01/08 v3.1.5b (3.1.5b)
\pgf@max=\dimen288
\pgf@sys@shading@range@num=\count428
\pgf@shadingcount=\count429
)
(/usr/share/texlive/texmf-dist/tex/generic/pgf/basiclayer/pgfcoreimage.code.tex
File: pgfcoreimage.code.tex 2020/01/08 v3.1.5b (3.1.5b)

(/usr/share/texlive/texmf-dist/tex/generic/pgf/basiclayer/pgfcoreexternal.code.
tex
File: pgfcoreexternal.code.tex 2020/01/08 v3.1.5b (3.1.5b)
\pgfexternal@startupbox=\box56
))
(/usr/share/texlive/texmf-dist/tex/generic/pgf/basiclayer/pgfcorelayers.code.te
x
File: pgfcorelayers.code.tex 2020/01/08 v3.1.5b (3.1.5b)
)
(/usr/share/texlive/texmf-dist/tex/generic/pgf/basiclayer/pgfcoretransparency.c
ode.tex
File: pgfcoretransparency.code.tex 2020/01/08 v3.1.5b (3.1.5b)
)
(/usr/share/texlive/texmf-dist/tex/generic/pgf/basiclayer/pgfcorepatterns.code.
tex
File: pgfcorepatterns.code.tex 2020/01/08 v3.1.5b (3.1.5b)
)
(/usr/share/texlive/texmf-dist/tex/generic/pgf/basiclayer/pgfcorerdf.code.tex
File: pgfcorerdf.code.tex 2020/01/08 v3.1.5b (3.1.5b)
)))
(/usr/share/texlive/texmf-dist/tex/generic/pgf/modules/pgfmoduleshapes.code.tex
File: pgfmoduleshapes.code.tex 2020/01/08 v3.1.5b (3.1.5b)
\pgfnodeparttextbox=\box57
) (/usr/share/texlive/texmf-dist/tex/generic/pgf/modules/pgfmoduleplot.code.tex
File: pgfmoduleplot.code.tex 2020/01/08 v3.1.5b (3.1.5b)
)
(/usr/share/texlive/texmf-dist/tex/latex/pgf/compatibility/pgfcomp-version-0-65
.sty
Package: pgfcomp-version-0-65 2020/01/08 v3.1.5b (3.1.5b)
\pgf@nodesepstart=\dimen289
\pgf@nodesepend=\dimen290
)
(/usr/share/texlive/texmf-dist/tex/latex/pgf/compatibility/pgfcomp-version-1-18
.sty
Package: pgfcomp-version-1-18 2020/01/08 v3.1.5b (3.1.5b)
)) (/usr/share/texlive/texmf-dist/tex/latex/pgf/utilities/pgffor.sty
(/usr/share/texlive/texmf-dist/tex/latex/pgf/math/pgfmath.sty
(/usr/share/texlive/texmf-dist/tex/generic/pgf/math/pgfmath.code.tex))
(/usr/share/texlive/texmf-dist/tex/generic/pgf/utilities/pgffor.code.tex
Package: pgffor 2020/01/08 v3.1.5b (3.1.5b)

(/usr/share/texlive/texmf-dist/tex/generic/pgf/math/pgfmath.code.tex)
\pgffor@iter=\dimen291
\pgffor@skip=\dimen292
\pgffor@stack=\toks36
\pgffor@toks=\toks37
))
(/usr/share/texlive/texmf-dist/tex/generic/pgf/frontendlayer/tikz/tikz.code.tex
Package: tikz 2020/01/08 v3.1.5b (3.1.5b)

(/usr/share/texlive/texmf-dist/tex/generic/pgf/libraries/pgflibraryplothandlers
.code.tex
File: pgflibraryplothandlers.code.tex 2020/01/08 v3.1.5b (3.1.5b)
\pgf@plot@mark@count=\count430
\pgfplotmarksize=\dimen293
)
\tikz@lastx=\dimen294
\tikz@lasty=\dimen295
\tikz@lastxsaved=\dimen296
\tikz@lastysaved=\dimen297
\tikz@lastmovetox=\dimen298
\tikz@lastmovetoy=\dimen299
\tikzleveldistance=\dimen300
\tikzsiblingdistance=\dimen301
\tikz@figbox=\box58
\tikz@figbox@bg=\box59
\tikz@tempbox=\box60
\tikz@tempbox@bg=\box61
\tikztreelevel=\count431
\tikznumberofchildren=\count432
\tikznumberofcurrentchild=\count433
\tikz@fig@count=\count434

(/usr/share/texlive/texmf-dist/tex/generic/pgf/modules/pgfmodulematrix.code.tex
File: pgfmodulematrix.code.tex 2020/01/08 v3.1.5b (3.1.5b)
\pgfmatrixcurrentrow=\count435
\pgfmatrixcurrentcolumn=\count436
\pgf@matrix@numberofcolumns=\count437
)
\tikz@expandcount=\count438

(/usr/share/texlive/texmf-dist/tex/generic/pgf/frontendlayer/tikz/libraries/tik
zlibrarytopaths.code.tex
File: tikzlibrarytopaths.code.tex 2020/01/08 v3.1.5b (3.1.5b)
)))
(/usr/share/texlive/texmf-dist/tex/generic/mathdots/mathdots.sty
Package: mathdots 2014/06/11 v0.9 Improve and add various macros for dots in ma
th.
\MDo@unit=\dimen302
\MDo@dotsbox=\box62
\MDoprekern=\muskip22
\MDopostkern=\muskip23
\MDodotkern=\muskip24
)
(/usr/share/texlive/texmf-dist/tex/latex/yhmath/yhmath.sty
Package: yhmath 2019/02/24 v1.5
\symyhlargesymbols=\mathgroup4
LaTeX Font Info:    Redeclaring math accent \widetilde on input line 29.
LaTeX Font Info:    Redeclaring math accent \widehat on input line 30.
LaTeX Font Info:    Redeclaring math symbol \braceld on input line 48.
LaTeX Font Info:    Redeclaring math symbol \bracerd on input line 49.
LaTeX Font Info:    Redeclaring math symbol \bracelu on input line 50.
LaTeX Font Info:    Redeclaring math symbol \braceru on input line 51.
LaTeX Font Info:    Redeclaring math delimiter \lmoustache on input line 53.
LaTeX Font Info:    Redeclaring math delimiter \rmoustache on input line 55.
LaTeX Font Info:    Redeclaring math delimiter \arrowvert on input line 57.
LaTeX Font Info:    Redeclaring math delimiter \Arrowvert on input line 59.
LaTeX Font Info:    Redeclaring math delimiter \Vert on input line 61.
LaTeX Font Info:    Redeclaring math delimiter \vert on input line 63.
LaTeX Font Info:    Redeclaring math delimiter \uparrow on input line 65.
LaTeX Font Info:    Redeclaring math delimiter \downarrow on input line 67.
LaTeX Font Info:    Redeclaring math delimiter \updownarrow on input line 69.
LaTeX Font Info:    Redeclaring math delimiter \Uparrow on input line 71.
LaTeX Font Info:    Redeclaring math delimiter \Downarrow on input line 73.
LaTeX Font Info:    Redeclaring math delimiter \Updownarrow on input line 75.
LaTeX Font Info:    Redeclaring math delimiter \backslash on input line 79.
LaTeX Font Info:    Redeclaring math delimiter \rangle on input line 81.
LaTeX Font Info:    Redeclaring math delimiter \langle on input line 83.
LaTeX Font Info:    Redeclaring math delimiter \rbrace on input line 85.
LaTeX Font Info:    Redeclaring math delimiter \lbrace on input line 87.
LaTeX Font Info:    Redeclaring math delimiter \rceil on input line 89.
LaTeX Font Info:    Redeclaring math delimiter \lceil on input line 91.
LaTeX Font Info:    Redeclaring math delimiter \rfloor on input line 93.
LaTeX Font Info:    Redeclaring math delimiter \lfloor on input line 95.
LaTeX Font Info:    Redeclaring math delimiter \lgroup on input line 97.
LaTeX Font Info:    Redeclaring math delimiter \rgroup on input line 99.
LaTeX Font Info:    Redeclaring math delimiter \bracevert on input line 101.
)
(/usr/share/texlive/texmf-dist/tex/latex/cancel/cancel.sty
Package: cancel 2013/04/12 v2.2 Cancel math terms
)
(/usr/share/texlive/texmf-dist/tex/latex/siunitx/siunitx.sty
Package: siunitx 2020/01/15 v2.7u A comprehensive (SI) units package

(/usr/share/texlive/texmf-dist/tex/latex/tools/array.sty
Package: array 2019/08/31 v2.4l Tabular extension package (FMi)
\col@sep=\dimen303
\ar@mcellbox=\box63
\extrarowheight=\dimen304
\NC@list=\toks38
\extratabsurround=\skip77
\backup@length=\skip78
\ar@cellbox=\box64
)
(/usr/share/texlive/texmf-dist/tex/latex/l3packages/l3keys2e/l3keys2e.sty
Package: l3keys2e 2020-02-14 LaTeX2e option processing using LaTeX3 keys
)
\l__siunitx_tmp_box=\box65
\l__siunitx_tmp_dim=\dimen305
\l__siunitx_tmp_int=\count439
\l__siunitx_number_mantissa_length_int=\count440
\l__siunitx_number_uncert_length_int=\count441
\l__siunitx_round_int=\count442
\l__siunitx_process_decimal_int=\count443
\l__siunitx_process_uncertainty_int=\count444
\l__siunitx_process_fixed_int=\count445
\l__siunitx_process_integer_min_int=\count446
\l__siunitx_process_precision_int=\count447
\l__siunitx_group_min_int=\count448
\l__siunitx_angle_marker_box=\box66
\l__siunitx_angle_unit_box=\box67
\l__siunitx_angle_marker_dim=\dimen306
\l__siunitx_angle_unit_dim=\dimen307
\l__siunitx_unit_int=\count449
\l__siunitx_unit_denominator_int=\count450
\l__siunitx_unit_numerator_int=\count451
\l__siunitx_unit_prefix_int=\count452
\l__siunitx_unit_prefix_base_int=\count453
\l__siunitx_unit_prefix_gram_int=\count454
\l__siunitx_number_product_int=\count455
\c__siunitx_one_fill_skip=\skip79
\l__siunitx_table_unit_align_skip=\skip80
\l__siunitx_table_exponent_dim=\dimen308
\l__siunitx_table_integer_dim=\dimen309
\l__siunitx_table_mantissa_dim=\dimen310
\l__siunitx_table_marker_dim=\dimen311
\l__siunitx_table_result_dim=\dimen312
\l__siunitx_table_uncert_dim=\dimen313
\l__siunitx_table_fill_pre_dim=\dimen314
\l__siunitx_table_fill_post_dim=\dimen315
\l__siunitx_table_fill_mid_dim=\dimen316
\l__siunitx_table_pre_box=\box68
\l__siunitx_table_post_box=\box69
\l__siunitx_table_mantissa_box=\box70
\l__siunitx_table_result_box=\box71
\l__siunitx_table_number_align_skip=\skip81
\l__siunitx_table_text_align_skip=\skip82

(/usr/share/texlive/texmf-dist/tex/latex/translator/translator.sty
Package: translator 2019-05-31 v1.12a Easy translation of strings in LaTeX
))
(/usr/share/texlive/texmf-dist/tex/latex/multirow/multirow.sty
Package: multirow 2019/05/31 v2.5 Span multiple rows of a table
\multirow@colwidth=\skip83
\multirow@cntb=\count456
\multirow@dima=\skip84
\bigstrutjot=\dimen317
)
(/usr/share/texlive/texmf-dist/tex/latex/amsfonts/amssymb.sty
Package: amssymb 2013/01/14 v3.01 AMS font symbols

(/usr/share/texlive/texmf-dist/tex/latex/amsfonts/amsfonts.sty
Package: amsfonts 2013/01/14 v3.01 Basic AMSFonts support
\symAMSa=\mathgroup5
\symAMSb=\mathgroup6
LaTeX Font Info:    Redeclaring math symbol \hbar on input line 98.
LaTeX Font Info:    Overwriting math alphabet `\mathfrak' in version `bold'
(Font)                  U/euf/m/n --> U/euf/b/n on input line 106.
))
(/usr/share/texlive/texmf-dist/tex/latex/was/gensymb.sty
Package: gensymb 2003/07/02 v1.0 (WaS)
)
(/usr/share/texlive/texmf-dist/tex/latex/tools/tabularx.sty
Package: tabularx 2020/01/15 v2.11c `tabularx' package (DPC)
\TX@col@width=\dimen318
\TX@old@table=\dimen319
\TX@old@col=\dimen320
\TX@target=\dimen321
\TX@delta=\dimen322
\TX@cols=\count457
\TX@ftn=\toks39
)
(/usr/share/texlive/texmf-dist/tex/latex/extarrows/extarrows.sty
Package: extarrows 2008/05/15 v1.0b Some extensible arrows
)
(/usr/share/texlive/texmf-dist/tex/generic/pgf/frontendlayer/tikz/libraries/tik
zlibraryfadings.code.tex
File: tikzlibraryfadings.code.tex 2020/01/08 v3.1.5b (3.1.5b)

(/usr/share/texlive/texmf-dist/tex/generic/pgf/libraries/pgflibraryfadings.code
.tex
File: pgflibraryfadings.code.tex 2020/01/08 v3.1.5b (3.1.5b)
))
(/usr/share/texlive/texmf-dist/tex/generic/pgf/frontendlayer/tikz/libraries/tik
zlibrarypatterns.code.tex
File: tikzlibrarypatterns.code.tex 2020/01/08 v3.1.5b (3.1.5b)

(/usr/share/texlive/texmf-dist/tex/generic/pgf/libraries/pgflibrarypatterns.cod
e.tex
File: pgflibrarypatterns.code.tex 2020/01/08 v3.1.5b (3.1.5b)
))
(/usr/share/texlive/texmf-dist/tex/latex/pgf-blur/tikzlibraryshadows.blur.code.
tex  v1.02, 2012/12/09
(/usr/share/texlive/texmf-dist/tex/generic/pgf/frontendlayer/tikz/libraries/tik
zlibraryshadows.code.tex
File: tikzlibraryshadows.code.tex 2020/01/08 v3.1.5b (3.1.5b)
)
(/usr/share/texlive/texmf-dist/tex/generic/pgf/frontendlayer/tikz/libraries/tik
zlibrarycalc.code.tex
File: tikzlibrarycalc.code.tex 2020/01/08 v3.1.5b (3.1.5b)
)
\pgfbs@fading@count=\count458
)
(/usr/share/texlive/texmf-dist/tex/generic/pgf/frontendlayer/tikz/libraries/tik
zlibraryshapes.code.tex
File: tikzlibraryshapes.code.tex 2020/01/08 v3.1.5b (3.1.5b)

(/usr/share/texlive/texmf-dist/tex/generic/pgf/frontendlayer/tikz/libraries/tik
zlibraryshapes.geometric.code.tex
File: tikzlibraryshapes.geometric.code.tex 2020/01/08 v3.1.5b (3.1.5b)

(/usr/share/texlive/texmf-dist/tex/generic/pgf/libraries/shapes/pgflibraryshape
s.geometric.code.tex
File: pgflibraryshapes.geometric.code.tex 2020/01/08 v3.1.5b (3.1.5b)
))
(/usr/share/texlive/texmf-dist/tex/generic/pgf/frontendlayer/tikz/libraries/tik
zlibraryshapes.misc.code.tex
File: tikzlibraryshapes.misc.code.tex 2020/01/08 v3.1.5b (3.1.5b)

(/usr/share/texlive/texmf-dist/tex/generic/pgf/libraries/shapes/pgflibraryshape
s.misc.code.tex
File: pgflibraryshapes.misc.code.tex 2020/01/08 v3.1.5b (3.1.5b)
))
(/usr/share/texlive/texmf-dist/tex/generic/pgf/frontendlayer/tikz/libraries/tik
zlibraryshapes.symbols.code.tex
File: tikzlibraryshapes.symbols.code.tex 2020/01/08 v3.1.5b (3.1.5b)

(/usr/share/texlive/texmf-dist/tex/generic/pgf/libraries/shapes/pgflibraryshape
s.symbols.code.tex
File: pgflibraryshapes.symbols.code.tex 2020/01/08 v3.1.5b (3.1.5b)
))
(/usr/share/texlive/texmf-dist/tex/generic/pgf/frontendlayer/tikz/libraries/tik
zlibraryshapes.arrows.code.tex
File: tikzlibraryshapes.arrows.code.tex 2020/01/08 v3.1.5b (3.1.5b)

(/usr/share/texlive/texmf-dist/tex/generic/pgf/libraries/shapes/pgflibraryshape
s.arrows.code.tex
File: pgflibraryshapes.arrows.code.tex 2020/01/08 v3.1.5b (3.1.5b)
))
(/usr/share/texlive/texmf-dist/tex/generic/pgf/frontendlayer/tikz/libraries/tik
zlibraryshapes.callouts.code.tex
(/usr/share/texlive/texmf-dist/tex/generic/pgf/libraries/shapes/pgflibraryshape
s.callouts.code.tex))
(/usr/share/texlive/texmf-dist/tex/generic/pgf/frontendlayer/tikz/libraries/tik
zlibraryshapes.multipart.code.tex
File: tikzlibraryshapes.multipart.code.tex 2020/01/08 v3.1.5b (3.1.5b)

(/usr/share/texlive/texmf-dist/tex/generic/pgf/libraries/shapes/pgflibraryshape
s.multipart.code.tex
File: pgflibraryshapes.multipart.code.tex 2020/01/08 v3.1.5b (3.1.5b)
\pgfnodepartlowerbox=\box72
\pgfnodeparttwobox=\box73
\pgfnodepartthreebox=\box74
\pgfnodepartfourbox=\box75
\pgfnodeparttwentybox=\box76
\pgfnodepartnineteenbox=\box77
\pgfnodeparteighteenbox=\box78
\pgfnodepartseventeenbox=\box79
\pgfnodepartsixteenbox=\box80
\pgfnodepartfifteenbox=\box81
\pgfnodepartfourteenbox=\box82
\pgfnodepartthirteenbox=\box83
\pgfnodeparttwelvebox=\box84
\pgfnodepartelevenbox=\box85
\pgfnodeparttenbox=\box86
\pgfnodepartninebox=\box87
\pgfnodeparteightbox=\box88
\pgfnodepartsevenbox=\box89
\pgfnodepartsixbox=\box90
\pgfnodepartfivebox=\box91
)))
(/usr/share/texlive/texmf-dist/tex/latex/float/float.sty
Package: float 2001/11/08 v1.3d Float enhancements (AL)
\c@float@type=\count459
\float@exts=\toks40
\float@box=\box92
\@float@everytoks=\toks41
\@floatcapt=\box93
)
\@float@every@table=\toks42
)
(./metafiles/booleans.tex) (./metafiles/structure.tex

Package geometry Warning: Over-specification in `h'-direction.
    `width' (614.295pt) is ignored.


Package geometry Warning: Over-specification in `v'-direction.
    `height' (794.96999pt) is ignored.

(/usr/share/texlive/texmf-dist/tex/latex/base/fontenc.sty
Package: fontenc 2020/02/11 v2.0o Standard LaTeX package
)
(/usr/share/texlive/texmf-dist/tex/latex/ebgaramond/ebgaramond.sty
Package: ebgaramond 2019/10/22 (Bob Tennent and autoinst) Style file for EB Gar
amond fonts.

(/usr/share/texlive/texmf-dist/tex/generic/iftex/ifxetex.sty
Package: ifxetex 2019/10/25 v0.7 ifxetex legacy package. Use iftex instead.
)
(/usr/share/texlive/texmf-dist/tex/generic/iftex/ifluatex.sty
Package: ifluatex 2019/10/25 v1.5 ifluatex legacy package. Use iftex instead.
)
(/usr/share/texlive/texmf-dist/tex/latex/xkeyval/xkeyval.sty
Package: xkeyval 2014/12/03 v2.7a package option processing (HA)

(/usr/share/texlive/texmf-dist/tex/generic/xkeyval/xkeyval.tex
(/usr/share/texlive/texmf-dist/tex/generic/xkeyval/xkvutils.tex
\XKV@toks=\toks43
\XKV@tempa@toks=\toks44
)
\XKV@depth=\count460
File: xkeyval.tex 2014/12/03 v2.7a key=value parser (HA)
))
(/usr/share/texlive/texmf-dist/tex/latex/base/textcomp.sty
Package: textcomp 2020/02/02 v2.0n Standard LaTeX package
)
(/usr/share/texlive/texmf-dist/tex/latex/base/fontenc.sty
Package: fontenc 2020/02/11 v2.0o Standard LaTeX package
)
(/usr/share/texlive/texmf-dist/tex/latex/fontaxes/fontaxes.sty
Package: fontaxes 2014/03/23 v1.0d Font selection axes
LaTeX Info: Redefining \upshape on input line 29.
LaTeX Info: Redefining \itshape on input line 31.
LaTeX Info: Redefining \slshape on input line 33.
LaTeX Info: Redefining \swshape on input line 35.
LaTeX Info: Redefining \scshape on input line 37.
LaTeX Info: Redefining \sscshape on input line 39.
LaTeX Info: Redefining \ulcshape on input line 41.
LaTeX Info: Redefining \textsw on input line 47.
LaTeX Info: Redefining \textssc on input line 48.
LaTeX Info: Redefining \textulc on input line 49.
)
LaTeX Info: Redefining \swshape on input line 176.
LaTeX Info: Redefining \oldstylenums on input line 183.
LaTeX Info: Redefining \textsw on input line 191.
)
(/usr/share/texlive/texmf-dist/tex/latex/nowidow/nowidow.sty
Package: nowidow 2011/09/20 1.0 Easily prevent widows and orphans
Package: nowidow 
)
(/usr/share/texlive/texmf-dist/tex/latex/microtype/microtype.sty
Package: microtype 2019/11/18 v2.7d Micro-typographical refinements (RS)
\MT@toks=\toks45
\MT@count=\count461
LaTeX Info: Redefining \textls on input line 790.
\MT@outer@kern=\dimen323
LaTeX Info: Redefining \textmicrotypecontext on input line 1354.
\MT@listname@count=\count462

(/usr/share/texlive/texmf-dist/tex/latex/microtype/microtype-pdftex.def
File: microtype-pdftex.def 2019/11/18 v2.7d Definitions specific to pdftex (RS)

LaTeX Info: Redefining \lsstyle on input line 914.
LaTeX Info: Redefining \lslig on input line 914.
\MT@outer@space=\skip85
)
Package microtype Info: Loading configuration file microtype.cfg.

(/usr/share/texlive/texmf-dist/tex/latex/microtype/microtype.cfg
File: microtype.cfg 2019/11/18 v2.7d microtype main configuration file (RS)
)))
(./metafiles/sidenotes.tex
(/usr/share/texlive/texmf-dist/tex/latex/marginfix/marginfix.sty
Package: marginfix 2013/09/08 v1.1 Fix Margin Paragraphs
\Mfx@inject@insert=\insert252
\Mfx@marginbox=\box94
\Mfx@marginpos@min=\dimen324
\Mfx@marginpos@max=\dimen325
\Mfx@marginspace=\dimen326
\Mfx@marginheight=\dimen327
\Mfx@piece@content=\box95
\Mfx@piece@count=\count463
\Mfx@mparshift=\dimen328
\marginheightadjustment=\dimen329
\marginposadjustment=\dimen330
\Mfx@strutheight=\dimen331
)
(/usr/share/texlive/texmf-dist/tex/latex/sidenotes/sidenotes.sty
Package: sidenotes 2016/04/21 v1.00 rich text in the margin for LaTeX

(/usr/share/texlive/texmf-dist/tex/latex/marginnote/marginnote.sty
Package: marginnote 2018/08/09 v1.4b non floating margin notes for LaTeX
\c@mn@abspage=\count464
)
(/usr/share/texlive/texmf-dist/tex/latex/caption/caption.sty
Package: caption 2020/01/03 v3.4h Customizing captions (AR)

(/usr/share/texlive/texmf-dist/tex/latex/caption/caption3.sty
Package: caption3 2020/01/03 v1.8h caption3 kernel (AR)
Package caption3 Info: TeX engine: e-TeX on input line 61.
\captionmargin=\dimen332
\captionmargin@=\dimen333
\captionwidth=\dimen334
\caption@tempdima=\dimen335
\caption@indent=\dimen336
\caption@parindent=\dimen337
\caption@hangindent=\dimen338
Package caption Info: Standard document class detected.
)
\c@caption@flags=\count465
\c@continuedfloat=\count466
Package caption Info: float package is loaded.
Package caption Info: hyperref package is loaded.
)
(/usr/share/texlive/texmf-dist/tex/latex/changepage/changepage.sty
Package: changepage 2009/10/20 v1.0c check page and change page layout
\c@cp@cntr=\count467
\cp@tempcnt=\count468
)
\c@sidenote=\count469
\@sidenotes@marginfigurebox=\box96
\@sidenotes@margintablebox=\box97
)
(/usr/share/texlive/texmf-dist/tex/latex/ragged2e/ragged2e.sty
Package: ragged2e 2019/07/28 v2.2 ragged2e Package (MS)

(/usr/share/texlive/texmf-dist/tex/latex/ms/everysel.sty
Package: everysel 2011/10/28 v1.2 EverySelectfont Package (MS)
)
\CenteringLeftskip=\skip86
\RaggedLeftLeftskip=\skip87
\RaggedRightLeftskip=\skip88
\CenteringRightskip=\skip89
\RaggedLeftRightskip=\skip90
\RaggedRightRightskip=\skip91
\CenteringParfillskip=\skip92
\RaggedLeftParfillskip=\skip93
\RaggedRightParfillskip=\skip94
\JustifyingParfillskip=\skip95
\CenteringParindent=\skip96
\RaggedLeftParindent=\skip97
\RaggedRightParindent=\skip98
\JustifyingParindent=\skip99
)

Package geometry Warning: Over-specification in `h'-direction.
    `width' (614.295pt) is ignored.


Package geometry Warning: Over-specification in `v'-direction.
    `height' (794.96999pt) is ignored.

*geometry* verbose mode - [ newgeometry ] result:
* driver: 
* paper: <default>
* layout: <same size as paper>
* layoutoffset:(h,v)=(0.0pt,0.0pt)
* bindingoffset: 18.06749pt
* modes: includemp twoside 
* h-part:(L,W,R)=(72.26999pt, 469.75502pt, 54.2025pt)
* v-part:(T,H,B)=(72.26999pt, 632.3625pt, 90.3375pt)
* \paperwidth=614.295pt
* \paperheight=794.96999pt
* \textwidth=352.31628pt
* \textheight=632.3625pt
* \oddsidemargin=18.06749pt
* \evensidemargin=99.37125pt
* \topmargin=-37.0pt
* \headheight=12.0pt
* \headsep=25.0pt
* \topskip=12.0pt
* \footskip=30.0pt
* \marginparwidth=108.405pt
* \marginparsep=9.03374pt
* \columnsep=10.0pt
* \skip\footins=10.8pt plus 4.0pt minus 2.0pt
* \hoffset=0.0pt
* \voffset=0.0pt
* \mag=1000
* \@twocolumnfalse
* \@twosidetrue
* \@mparswitchtrue
* \@reversemarginfalse
* (1in=72.27pt=25.4mm, 1cm=28.453pt)

)
Package csquotes Info: Checking for multilingual support...
Package csquotes Info: ... found 'babel' package.
Package csquotes Info: Adjusting default style.
Package csquotes Info: Redefining alias 'default' -> 'english'.
 (./dissertation.aux

LaTeX Warning: Label `fig:magnetosphere' multiply defined.


LaTeX Warning: Label `fig:magnetosphere' multiply defined.


LaTeX Warning: Label `fig:coldred' multiply defined.


LaTeX Warning: Label `sec:methodology' multiply defined.


LaTeX Warning: Label `complete_sw' multiply defined.


LaTeX Warning: Label `complete_sw' multiply defined.


LaTeX Warning: Label `sec:discussion' multiply defined.

)
\openout1 = `dissertation.aux'.

LaTeX Font Info:    Checking defaults for OML/cmm/m/it on input line 25.
LaTeX Font Info:    ... okay on input line 25.
LaTeX Font Info:    Checking defaults for OMS/cmsy/m/n on input line 25.
LaTeX Font Info:    ... okay on input line 25.
LaTeX Font Info:    Checking defaults for OT1/cmr/m/n on input line 25.
LaTeX Font Info:    ... okay on input line 25.
LaTeX Font Info:    Checking defaults for T1/cmr/m/n on input line 25.
LaTeX Font Info:    ... okay on input line 25.
LaTeX Font Info:    Checking defaults for TS1/cmr/m/n on input line 25.
LaTeX Font Info:    ... okay on input line 25.
LaTeX Font Info:    Checking defaults for OMX/cmex/m/n on input line 25.
LaTeX Font Info:    ... okay on input line 25.
LaTeX Font Info:    Checking defaults for U/cmr/m/n on input line 25.
LaTeX Font Info:    ... okay on input line 25.
LaTeX Font Info:    Checking defaults for PD1/pdf/m/n on input line 25.
LaTeX Font Info:    ... okay on input line 25.
LaTeX Font Info:    Trying to load font information for T1+EBGaramond-OsF on in
put line 25.
 (/usr/share/texlive/texmf-dist/tex/latex/ebgaramond/T1EBGaramond-OsF.fd
File: T1EBGaramond-OsF.fd 2019/10/22 (autoinst) Font definitions for T1/EBGaram
ond-OsF.
)
LaTeX Font Info:    Font shape `T1/EBGaramond-OsF/m/n' in size <12> not availab
le
(Font)              Font shape `T1/EBGaramond-OsF/regular/n' tried instead on i
nput line 25.
LaTeX Font Info:    Font shape `T1/EBGaramond-OsF/regular/n' will be
(Font)              scaled to size 12.0pt on input line 25.

*geometry* driver: auto-detecting
*geometry* detected driver: pdftex
*geometry* verbose mode - [ preamble ] result:
* driver: pdftex
* paper: <default>
* layout: <same size as paper>
* layoutoffset:(h,v)=(0.0pt,0.0pt)
* bindingoffset: 18.06749pt
* modes: includemp twoside 
* h-part:(L,W,R)=(72.26999pt, 469.75502pt, 54.2025pt)
* v-part:(T,H,B)=(72.26999pt, 632.3625pt, 90.3375pt)
* \paperwidth=614.295pt
* \paperheight=794.96999pt
* \textwidth=352.31628pt
* \textheight=632.3625pt
* \oddsidemargin=18.06749pt
* \evensidemargin=99.37125pt
* \topmargin=-37.0pt
* \headheight=12.0pt
* \headsep=25.0pt
* \topskip=12.0pt
* \footskip=30.0pt
* \marginparwidth=108.405pt
* \marginparsep=9.03374pt
* \columnsep=10.0pt
* \skip\footins=10.8pt plus 4.0pt minus 2.0pt
* \hoffset=0.0pt
* \voffset=0.0pt
* \mag=1000
* \@twocolumnfalse
* \@twosidetrue
* \@mparswitchtrue
* \@reversemarginfalse
* (1in=72.27pt=25.4mm, 1cm=28.453pt)

(/usr/share/texlive/texmf-dist/tex/context/base/mkii/supp-pdf.mkii
[Loading MPS to PDF converter (version 2006.09.02).]
\scratchcounter=\count470
\scratchdimen=\dimen339
\scratchbox=\box98
\nofMPsegments=\count471
\nofMParguments=\count472
\everyMPshowfont=\toks46
\MPscratchCnt=\count473
\MPscratchDim=\dimen340
\MPnumerator=\count474
\makeMPintoPDFobject=\count475
\everyMPtoPDFconversion=\toks47
) (/usr/share/texlive/texmf-dist/tex/latex/epstopdf-pkg/epstopdf-base.sty
Package: epstopdf-base 2020-01-24 v2.11 Base part for package epstopdf
Package epstopdf-base Info: Redefining graphics rule for `.eps' on input line 4
85.

(/usr/share/texlive/texmf-dist/tex/latex/latexconfig/epstopdf-sys.cfg
File: epstopdf-sys.cfg 2010/07/13 v1.3 Configuration of (r)epstopdf for TeX Liv
e
))
Package biblatex Info: Trying to load language 'english'...
Package biblatex Info: ... file 'english.lbx' found.

(/usr/share/texlive/texmf-dist/tex/latex/biblatex/lbx/english.lbx
File: english.lbx 2019/12/01 v3.14 biblatex localization (PK/MW)
)
Package biblatex Info: Input encoding 'utf8' detected.
Package biblatex Info: Automatic encoding selection.
(biblatex)             Assuming data encoding 'utf8'.
\openout3 = `dissertation.bcf'.

Package biblatex Info: Trying to load bibliographic data...
Package biblatex Info: ... file 'dissertation.bbl' found.

(./dissertation.bbl

Package biblatex Warning: The following entry could not be found
(biblatex)                in the database:
(biblatex)                5724504
(biblatex)                Please verify the spelling and rerun
(biblatex)                LaTeX afterwards.


Package biblatex Warning: The following entry could not be found
(biblatex)                in the database:
(biblatex)                7333399
(biblatex)                Please verify the spelling and rerun
(biblatex)                LaTeX afterwards.


Package biblatex Warning: The following entry could not be found
(biblatex)                in the database:
(biblatex)                Brayton1996VISAS
(biblatex)                Please verify the spelling and rerun
(biblatex)                LaTeX afterwards.


Package biblatex Warning: The following entry could not be found
(biblatex)                in the database:
(biblatex)                Brayton2010ABCAA
(biblatex)                Please verify the spelling and rerun
(biblatex)                LaTeX afterwards.


Package biblatex Warning: The following entry could not be found
(biblatex)                in the database:
(biblatex)                CDN
(biblatex)                Please verify the spelling and rerun
(biblatex)                LaTeX afterwards.


Package biblatex Warning: The following entry could not be found
(biblatex)                in the database:
(biblatex)                EMERSON1980
(biblatex)                Please verify the spelling and rerun
(biblatex)                LaTeX afterwards.


Package biblatex Warning: The following entry could not be found
(biblatex)                in the database:
(biblatex)                FIDES_fault_tree
(biblatex)                Please verify the spelling and rerun
(biblatex)                LaTeX afterwards.


Package biblatex Warning: The following entry could not be found
(biblatex)                in the database:
(biblatex)                PR14a
(biblatex)                Please verify the spelling and rerun
(biblatex)                LaTeX afterwards.


Package biblatex Warning: The following entry could not be found
(biblatex)                in the database:
(biblatex)                Prosvirnova
(biblatex)                Please verify the spelling and rerun
(biblatex)                LaTeX afterwards.


Package biblatex Warning: The following entry could not be found
(biblatex)                in the database:
(biblatex)                SVA
(biblatex)                Please verify the spelling and rerun
(biblatex)                LaTeX afterwards.


Package biblatex Warning: The following entry could not be found
(biblatex)                in the database:
(biblatex)                Torras
(biblatex)                Please verify the spelling and rerun
(biblatex)                LaTeX afterwards.


Package biblatex Warning: The following entry could not be found
(biblatex)                in the database:
(biblatex)                arnold
(biblatex)                Please verify the spelling and rerun
(biblatex)                LaTeX afterwards.


Package biblatex Warning: The following entry could not be found
(biblatex)                in the database:
(biblatex)                bib12
(biblatex)                Please verify the spelling and rerun
(biblatex)                LaTeX afterwards.


Package biblatex Warning: The following entry could not be found
(biblatex)                in the database:
(biblatex)                bozzano-avocs-2010
(biblatex)                Please verify the spelling and rerun
(biblatex)                LaTeX afterwards.


Package biblatex Warning: The following entry could not be found
(biblatex)                in the database:
(biblatex)                fides
(biblatex)                Please verify the spelling and rerun
(biblatex)                LaTeX afterwards.


Package biblatex Warning: The following entry could not be found
(biblatex)                in the database:
(biblatex)                iolts2022
(biblatex)                Please verify the spelling and rerun
(biblatex)                LaTeX afterwards.


Package biblatex Warning: The following entry could not be found
(biblatex)                in the database:
(biblatex)                iso26262
(biblatex)                Please verify the spelling and rerun
(biblatex)                LaTeX afterwards.


Package biblatex Warning: The following entry could not be found
(biblatex)                in the database:
(biblatex)                iso26262-acronyms
(biblatex)                Please verify the spelling and rerun
(biblatex)                LaTeX afterwards.


Package biblatex Warning: The following entry could not be found
(biblatex)                in the database:
(biblatex)                jaspergold
(biblatex)                Please verify the spelling and rerun
(biblatex)                LaTeX afterwards.


Package biblatex Warning: The following entry could not be found
(biblatex)                in the database:
(biblatex)                mortada-imbsa-2014
(biblatex)                Please verify the spelling and rerun
(biblatex)                LaTeX afterwards.


Package biblatex Warning: The following entry could not be found
(biblatex)                in the database:
(biblatex)                yeung-2018
(biblatex)                Please verify the spelling and rerun
(biblatex)                LaTeX afterwards.

)
Package biblatex Info: Reference section=0 on input line 25.
Package biblatex Info: Reference segment=0 on input line 25.
\AtBeginShipoutBox=\box99
Package hyperref Info: Link coloring OFF on input line 25.
 (/usr/share/texlive/texmf-dist/tex/latex/hyperref/nameref.sty
Package: nameref 2019/09/16 v2.46 Cross-referencing by name of section

(/usr/share/texlive/texmf-dist/tex/latex/refcount/refcount.sty
Package: refcount 2019/12/15 v3.6 Data extraction from label references (HO)
)
(/usr/share/texlive/texmf-dist/tex/generic/gettitlestring/gettitlestring.sty
Package: gettitlestring 2019/12/15 v1.6 Cleanup title references (HO)
)
\c@section@level=\count476
)
LaTeX Info: Redefining \ref on input line 25.
LaTeX Info: Redefining \pageref on input line 25.
LaTeX Info: Redefining \nameref on input line 25.

(./dissertation.out) (./dissertation.out)
\@outlinefile=\write5
\openout5 = `dissertation.out'.


ABD: EveryShipout initializing macros
(/usr/share/texlive/texmf-dist/tex/latex/translator/translator-basic-dictionary
-English.dict
Dictionary: translator-basic-dictionary, Language: English 
)
(/usr/share/texlive/texmf-dist/tex/latex/siunitx/siunitx-abbreviations.cfg
File: siunitx-abbreviations.cfg 2017/11/26 v2.7k siunitx: Abbreviated units
)
\symgns@font=\mathgroup7
LaTeX Font Info:    Overwriting symbol font `gns@font' in version `bold'
(Font)                  TS1/EBGaramond-OsF/m/n --> TS1/EBGaramond-OsF/b/n on in
put line 25.
Package gensymb Info: Math companion symbols declared on input line 25.
LaTeX Info: Redefining \degree on input line 25.
LaTeX Info: Redefining \celsius on input line 25.
Package gensymb Info: Using text companion symbols for \degree, \celsius and \p
erthousand on input line 25.
LaTeX Info: Redefining \ohm on input line 25.
Package gensymb Info: Using \textohm for \ohm on input line 25.
LaTeX Info: Redefining \micro on input line 25.
Package gensymb Info: Using \textmu for \micro on input line 25.
\c@mv@tabular=\count477
\c@mv@boldtabular=\count478
LaTeX Info: Redefining \microtypecontext on input line 25.
Package microtype Info: Generating PDF output.
Package microtype Info: Character protrusion enabled (level 2),
(microtype)             factor: 1100.
Package microtype Info: Using default protrusion set `alltext'.
Package microtype Info: Automatic font expansion enabled (level 2),
(microtype)             stretch: 10, shrink: 10, step: 1, non-selected.
Package microtype Info: Using default expansion set `basictext'.
LaTeX Info: Redefining \showhyphens on input line 25.
Package microtype Info: Tracking enabled.
Package microtype Info: Using default tracking set `smallcaps'.
Package microtype Info: Adjustment of interword spacing enabled.


Package microtype Warning: You are using the `ragged2e' package.
(microtype)                Adjustment of interword spacing may lead to
(microtype)                undesired results when used with `ragged2e'.
(microtype)                In this case, disable the `spacing' option.

Package microtype Info: Using default spacing set `basictext'.
Package microtype Info: Adjustment of character kerning enabled.
Package microtype Info: Using default kerning set `alltext'.
Package microtype Info: Loading generic protrusion settings for font family
(microtype)             `EBGaramond-OsF' (encoding: T1).
(microtype)             For optimal results, create family-specific settings.
(microtype)             See the microtype manual for details.
Package caption Info: Begin \AtBeginDocument code.
Package caption Info: End \AtBeginDocument code.
\@sidenotes@extrawidth=\skip100
ABD: EverySelectfont initializing macros
LaTeX Info: Redefining \selectfont on input line 25.

(/usr/share/texlive/texmf-dist/tex/latex/microtype/mt-cmr.cfg
File: mt-cmr.cfg 2013/05/19 v2.2 microtype config. file: Computer Modern Roman 
(RS)
)
LaTeX Font Info:    Trying to load font information for OMX+yhex on input line 
25.

(/usr/share/texlive/texmf-dist/tex/latex/yhmath/OMXyhex.fd
File: OMXyhex.fd 
File: OMXyhex.fd 2013/07/03 v1.1 YH's humble contribution to TeX maths (NP)
)
LaTeX Font Info:    Trying to load font information for U+msa on input line 25.


(/usr/share/texlive/texmf-dist/tex/latex/amsfonts/umsa.fd
File: umsa.fd 2013/01/14 v3.01 AMS symbols A
)
(/usr/share/texlive/texmf-dist/tex/latex/microtype/mt-msa.cfg
File: mt-msa.cfg 2006/02/04 v1.1 microtype config. file: AMS symbols (a) (RS)
)
LaTeX Font Info:    Trying to load font information for U+msb on input line 25.


(/usr/share/texlive/texmf-dist/tex/latex/amsfonts/umsb.fd
File: umsb.fd 2013/01/14 v3.01 AMS symbols B
)
(/usr/share/texlive/texmf-dist/tex/latex/microtype/mt-msb.cfg
File: mt-msb.cfg 2005/06/01 v1.0 microtype config. file: AMS symbols (b) (RS)
)
LaTeX Font Info:    Trying to load font information for TS1+EBGaramond-OsF on i
nput line 25.

(/usr/share/texlive/texmf-dist/tex/latex/ebgaramond/TS1EBGaramond-OsF.fd
File: TS1EBGaramond-OsF.fd 2019/10/22 (autoinst) Font definitions for TS1/EBGar
amond-OsF.
)
LaTeX Font Info:    Font shape `TS1/EBGaramond-OsF/m/n' in size <12> not availa
ble
(Font)              Font shape `TS1/EBGaramond-OsF/regular/n' tried instead on 
input line 25.
LaTeX Font Info:    Font shape `TS1/EBGaramond-OsF/regular/n' will be
(Font)              scaled to size 12.0pt on input line 25.
Package microtype Info: Loading generic protrusion settings for font family
(microtype)             `EBGaramond-OsF' (encoding: TS1).
(microtype)             For optimal results, create family-specific settings.
(microtype)             See the microtype manual for details.
LaTeX Font Info:    Font shape `TS1/EBGaramond-OsF/m/n' in size <8> not availab
le
(Font)              Font shape `TS1/EBGaramond-OsF/regular/n' tried instead on 
input line 25.
LaTeX Font Info:    Font shape `TS1/EBGaramond-OsF/regular/n' will be
(Font)              scaled to size 8.0pt on input line 25.
LaTeX Font Info:    Font shape `TS1/EBGaramond-OsF/m/n' in size <6> not availab
le
(Font)              Font shape `TS1/EBGaramond-OsF/regular/n' tried instead on 
input line 25.
LaTeX Font Info:    Font shape `TS1/EBGaramond-OsF/regular/n' will be
(Font)              scaled to size 6.0pt on input line 25.
Package microtype Info: Loading generic protrusion settings for font family
(microtype)             `cmss' (encoding: OT1).
(microtype)             For optimal results, create family-specific settings.
(microtype)             See the microtype manual for details.
Package microtype Info: Loading generic protrusion settings for font family
(microtype)             `cmtt' (encoding: OT1).
(microtype)             For optimal results, create family-specific settings.
(microtype)             See the microtype manual for details.

(./metafiles/abstractpage.tex)
LaTeX Font Info:    Font shape `T1/EBGaramond-OsF/m/sc' in size <12> not availa
ble
(Font)              Font shape `T1/EBGaramond-OsF/regular/sc' tried instead on 
input line 44.
LaTeX Font Info:    Font shape `T1/EBGaramond-OsF/regular/sc' will be
(Font)              scaled to size 12.0pt on input line 44.
LaTeX Font Info:    Font shape `T1/EBGaramond-OsF/m/sc' in size <17.28> not ava
ilable
(Font)              Font shape `T1/EBGaramond-OsF/regular/sc' tried instead on 
input line 44.
LaTeX Font Info:    Font shape `T1/EBGaramond-OsF/regular/sc' will be
(Font)              scaled to size 17.28pt on input line 44.
LaTeX Font Info:    Font shape `T1/EBGaramond-OsF/m/n' in size <53.24426> not a
vailable
(Font)              Font shape `T1/EBGaramond-OsF/regular/n' tried instead on i
nput line 44.
LaTeX Font Info:    Font shape `T1/EBGaramond-OsF/regular/n' will be
(Font)              scaled to size 53.24426pt on input line 44.
LaTeX Font Info:    Font shape `T1/EBGaramond-OsF/m/n' in size <75.7928> not av
ailable
(Font)              Font shape `T1/EBGaramond-OsF/regular/n' tried instead on i
nput line 44.
LaTeX Font Info:    Font shape `T1/EBGaramond-OsF/regular/n' will be
(Font)              scaled to size 75.7928pt on input line 44.
Package lettrine.sty Info: Targeted height = 53.24426pt
(lettrine.sty)             (no accent, loversize=0),
(lettrine.sty)             Lettrine height = 53.24438pt (T);
(lettrine.sty)             reported on input line 44.
 [1


{/var/lib/texmf/fonts/map/pdftex/updmap/pdftex.map}]
Overfull \hbox (1.83893pt too wide) in paragraph at lines 44--44
\T1/EBGaramond-OsF/regular/n/12 (-10) tion ISO26262 pour les cir-cuits in-t-gr
s de type sys-tme sur une puce numrique
 []

[2] (./metafiles/titlepage.tex) [3] (./metafiles/copyright.tex) [1]

Package marginnote Warning: Consecutive odd pages found.
(marginnote)                Note, it is not recommended to use consecutive
(marginnote)                odd pages in a double-ended document.
(marginnote)                The pages of your document should always
(marginnote)                be a sequence: odd-even-odd-even-...
(marginnote)                Maybe you've forgotten a \cleardoublepage before
(marginnote)                changing the page numbering on page i.

Package marginnote Info: Using workaround for absolute page number on input lin
e 63.
[2] (./subfiles/dedication.tex [3]
LaTeX Font Info:    Font shape `T1/EBGaramond-OsF/m/n' in size <24.88> not avai
lable
(Font)              Font shape `T1/EBGaramond-OsF/regular/n' tried instead on i
nput line 4.
LaTeX Font Info:    Font shape `T1/EBGaramond-OsF/regular/n' will be
(Font)              scaled to size 24.88pt on input line 4.
LaTeX Font Info:    Font shape `T1/EBGaramond-OsF/b/n' in size <24.88> not avai
lable
(Font)              Font shape `T1/EBGaramond-OsF/bold/n' tried instead on inpu
t line 4.
LaTeX Font Info:    Font shape `T1/EBGaramond-OsF/bold/n' will be
(Font)              scaled to size 24.88pt on input line 4.
LaTeX Font Info:    Font shape `T1/EBGaramond-OsF/m/sc' in size <24.88> not ava
ilable
(Font)              Font shape `T1/EBGaramond-OsF/regular/sc' tried instead on 
input line 4.
LaTeX Font Info:    Font shape `T1/EBGaramond-OsF/regular/sc' will be
(Font)              scaled to size 24.88pt on input line 4.
) (./subfiles/acknowledgements.tex [4

])
[5

] (./dissertation.toc
LaTeX Font Info:    Font shape `T1/EBGaramond-OsF/b/n' in size <12> not availab
le
(Font)              Font shape `T1/EBGaramond-OsF/bold/n' tried instead on inpu
t line 3.
LaTeX Font Info:    Font shape `T1/EBGaramond-OsF/bold/n' will be
(Font)              scaled to size 12.0pt on input line 3.
LaTeX Font Info:    Font shape `T1/EBGaramond-OsF/m/it' in size <12> not availa
ble
(Font)              Font shape `T1/EBGaramond-OsF/regular/it' tried instead on 
input line 62.
LaTeX Font Info:    Font shape `T1/EBGaramond-OsF/regular/it' will be
(Font)              scaled to size 12.0pt on input line 62.
 [6

])
\tf@toc=\write6
\openout6 = `dissertation.toc'.

 [7] (./dissertation.lof [8

])
\tf@lof=\write7
\openout7 = `dissertation.lof'.

 [9]
(./dissertation.lot)
\tf@lot=\write8
\openout8 = `dissertation.lot'.

 [10

] (./subfiles/soa.tex
Chapter 1.
<subfiles/Figures/radiation.png, id=345, 585.18625pt x 615.29875pt>
File: subfiles/Figures/radiation.png Graphic file (type png)
<use subfiles/Figures/radiation.png>
Package pdftex.def Info: subfiles/Figures/radiation.png  used on input line 13.

(pdftex.def)             Requested size: 234.07034pt x 246.11513pt.
pdfTeX warning (ext4): destination with the same identifier (name{page.1}) has 
been already used, duplicate ignored
<to be read again> 
                   \relax 
l.16 \newpage
              [1


 <./subfiles/Figures/radiation.png>]
LaTeX Font Info:    Font shape `T1/EBGaramond-OsF/m/n' in size <17.28> not avai
lable
(Font)              Font shape `T1/EBGaramond-OsF/regular/n' tried instead on i
nput line 18.
LaTeX Font Info:    Font shape `T1/EBGaramond-OsF/regular/n' will be
(Font)              scaled to size 17.28pt on input line 18.
LaTeX Font Info:    Font shape `T1/EBGaramond-OsF/b/n' in size <17.28> not avai
lable
(Font)              Font shape `T1/EBGaramond-OsF/bold/n' tried instead on inpu
t line 18.
LaTeX Font Info:    Font shape `T1/EBGaramond-OsF/bold/n' will be
(Font)              scaled to size 17.28pt on input line 18.
LaTeX Font Info:    Font shape `T1/EBGaramond-OsF/m/n' in size <14.4> not avail
able
(Font)              Font shape `T1/EBGaramond-OsF/regular/n' tried instead on i
nput line 36.
LaTeX Font Info:    Font shape `T1/EBGaramond-OsF/regular/n' will be
(Font)              scaled to size 14.4pt on input line 36.
LaTeX Font Info:    Font shape `T1/EBGaramond-OsF/b/n' in size <14.4> not avail
able
(Font)              Font shape `T1/EBGaramond-OsF/bold/n' tried instead on inpu
t line 36.
LaTeX Font Info:    Font shape `T1/EBGaramond-OsF/bold/n' will be
(Font)              scaled to size 14.4pt on input line 36.
pdfTeX warning (ext4): destination with the same identifier (name{page.2}) has 
been already used, duplicate ignored
<to be read again> 
                   \relax 
l.38 
      [2]
<subfiles/imgs/sunspot.PNG, id=360, 601.24625pt x 261.47687pt>
File: subfiles/imgs/sunspot.PNG Graphic file (type png)
<use subfiles/imgs/sunspot.PNG>
Package pdftex.def Info: subfiles/imgs/sunspot.PNG  used on input line 50.
(pdftex.def)             Requested size: 300.62238pt x 130.73811pt.
<subfiles/imgs/F10sun.PNG, id=363, 585.18625pt x 340.77313pt>
File: subfiles/imgs/F10sun.PNG Graphic file (type png)
<use subfiles/imgs/F10sun.PNG>
Package pdftex.def Info: subfiles/imgs/F10sun.PNG  used on input line 56.
(pdftex.def)             Requested size: 292.5924pt x 170.38614pt.
pdfTeX warning (ext4): destination with the same identifier (name{page.3}) has 
been already used, duplicate ignored
<to be read again> 
                   \relax 
l.62 
      [3 <./subfiles/imgs/sunspot.PNG> <./subfiles/imgs/F10sun.PNG>] [4]
Overfull \hbox (75.6032pt too wide) in paragraph at lines 70--75
[][] 
 []

<subfiles/imgs/Abundances.png, id=379, 417.56pt x 550.055pt>
File: subfiles/imgs/Abundances.png Graphic file (type png)
<use subfiles/imgs/Abundances.png>
Package pdftex.def Info: subfiles/imgs/Abundances.png  used on input line 81.
(pdftex.def)             Requested size: 208.77948pt x 275.02682pt.
<subfiles/imgs/GCR_energy_p.png, id=381, 591.20876pt x 459.7175pt>
File: subfiles/imgs/GCR_energy_p.png Graphic file (type png)
<use subfiles/imgs/GCR_energy_p.png>
Package pdftex.def Info: subfiles/imgs/GCR_energy_p.png  used on input line 91.

(pdftex.def)             Requested size: 295.60365pt x 229.85818pt.
<subfiles/imgs/LET_sun.png, id=382, 560.0925pt x 410.53375pt>
File: subfiles/imgs/LET_sun.png Graphic file (type png)
<use subfiles/imgs/LET_sun.png>
Package pdftex.def Info: subfiles/imgs/LET_sun.png  used on input line 98.
(pdftex.def)             Requested size: 280.04556pt x 205.26637pt.
[5 <./subfiles/imgs/Abundances.png>] [6 <./subfiles/imgs/GCR_energy_p.png> <./s
ubfiles/imgs/LET_sun.png>]
<subfiles/Figures/magnetosphere.png, id=402, 900.36375pt x 734.745pt>
File: subfiles/Figures/magnetosphere.png Graphic file (type png)
<use subfiles/Figures/magnetosphere.png>
Package pdftex.def Info: subfiles/Figures/magnetosphere.png  used on input line
 112.
(pdftex.def)             Requested size: 270.1112pt x 220.42519pt.


LaTeX Warning: `!h' float specifier changed to `!ht'.

[7]
<subfiles/imgs/radbelt1.png, id=415, 597.23125pt x 321.2pt>
File: subfiles/imgs/radbelt1.png Graphic file (type png)
<use subfiles/imgs/radbelt1.png>
Package pdftex.def Info: subfiles/imgs/radbelt1.png  used on input line 135.
(pdftex.def)             Requested size: 298.61488pt x 160.59961pt.


LaTeX Warning: `!h' float specifier changed to `!ht'.

[8 <./subfiles/Figures/magnetosphere.png>] [9 <./subfiles/imgs/radbelt1.png>]
<subfiles/imgs/radbelt2.png, id=438, 577.15625pt x 446.66875pt>
File: subfiles/imgs/radbelt2.png Graphic file (type png)
<use subfiles/imgs/radbelt2.png>
Package pdftex.def Info: subfiles/imgs/radbelt2.png  used on input line 175.
(pdftex.def)             Requested size: 288.57741pt x 223.33382pt.

[10 <./subfiles/imgs/radbelt2.png>]
<subfiles/imgs/radbelt3.png, id=450, 485.815pt x 493.845pt>
File: subfiles/imgs/radbelt3.png Graphic file (type png)
<use subfiles/imgs/radbelt3.png>
Package pdftex.def Info: subfiles/imgs/radbelt3.png  used on input line 206.
(pdftex.def)             Requested size: 242.9069pt x 246.92189pt.
<subfiles/imgs/radbelt4.png, id=453, 490.83376pt x 517.935pt>
File: subfiles/imgs/radbelt4.png Graphic file (type png)
<use subfiles/imgs/radbelt4.png>
Package pdftex.def Info: subfiles/imgs/radbelt4.png  used on input line 213.
(pdftex.def)             Requested size: 245.41628pt x 258.96686pt.


LaTeX Warning: `!h' float specifier changed to `!ht'.

[11 <./subfiles/imgs/radbelt3.png>]
<subfiles/imgs/radbelt5.png, id=464, 580.1675pt x 687.56876pt>
File: subfiles/imgs/radbelt5.png Graphic file (type png)
<use subfiles/imgs/radbelt5.png>
Package pdftex.def Info: subfiles/imgs/radbelt5.png  used on input line 234.
(pdftex.def)             Requested size: 290.08302pt x 343.78354pt.


LaTeX Warning: `!h' float specifier changed to `!ht'.

<subfiles/imgs/radbelt6.png, id=468, 628.3475pt x 377.41pt>
File: subfiles/imgs/radbelt6.png Graphic file (type png)
<use subfiles/imgs/radbelt6.png>
Package pdftex.def Info: subfiles/imgs/radbelt6.png  used on input line 245.
(pdftex.def)             Requested size: 314.17297pt x 188.70453pt.

LaTeX Warning: `!h' float specifier changed to `!ht'.

[12 <./subfiles/imgs/radbelt4.png>]
<subfiles/imgs/neutrons.png, id=481, 791.95876pt x 440.64626pt>
File: subfiles/imgs/neutrons.png Graphic file (type png)
<use subfiles/imgs/neutrons.png>
Package pdftex.def Info: subfiles/imgs/neutrons.png  used on input line 288.
(pdftex.def)             Requested size: 395.97841pt x 220.32259pt.

Overfull \hbox (43.66212pt too wide) in paragraph at lines 288--289
 [][] 
 []


LaTeX Warning: `!h' float specifier changed to `!ht'.

[13 <./subfiles/imgs/radbelt5.png>] [14 <./subfiles/imgs/radbelt6.png> <./subfi
les/imgs/neutrons.png>]
Overfull \hbox (4.22754pt too wide) in paragraph at lines 308--309
[]\T1/EBGaramond-OsF/bold/n/12 Initial nu-clear ra-di-a-tion (INR) \T1/EBGaramo
nd-OsF/regular/n/12 (-10) is that re-leased within less than a minute
 []

[15] [16]

LaTeX Warning: Citation 'bib10' on page 17 undefined on input line 395.

[17]
<subfiles/imgs/displ.png, id=521, 393.47pt x 255.95625pt>
File: subfiles/imgs/displ.png Graphic file (type png)
<use subfiles/imgs/displ.png>
Package pdftex.def Info: subfiles/imgs/displ.png  used on input line 399.
(pdftex.def)             Requested size: 196.73451pt x 127.9778pt.
 [18 <./subfiles/imgs/displ.png>] [19] [20]
<subfiles/Latchup.png, id=546, 557.83406pt x 255.20343pt>
File: subfiles/Latchup.png Graphic file (type png)
<use subfiles/Latchup.png>
Package pdftex.def Info: subfiles/Latchup.png  used on input line 458.
(pdftex.def)             Requested size: 278.91634pt x 127.6014pt.
 [21 <./subfiles/Latchup.png>]
<subfiles/imgs/coldred.png, id=553, 346.29375pt x 106.3975pt>
File: subfiles/imgs/coldred.png Graphic file (type png)
<use subfiles/imgs/coldred.png>
Package pdftex.def Info: subfiles/imgs/coldred.png  used on input line 476.
(pdftex.def)             Requested size: 173.14644pt x 53.19861pt.
<subfiles/imgs/hotred.png, id=554, 284.06125pt x 106.3975pt>
File: subfiles/imgs/hotred.png Graphic file (type png)
<use subfiles/imgs/hotred.png>
Package pdftex.def Info: subfiles/imgs/hotred.png  used on input line 485.
(pdftex.def)             Requested size: 142.03026pt x 53.19861pt.


LaTeX Warning: `!h' float specifier changed to `!ht'.

[22 <./subfiles/imgs/coldred.png>]
<subfiles/imgs/dred.png, id=563, 264.99pt x 96.36pt>
File: subfiles/imgs/dred.png Graphic file (type png)
<use subfiles/imgs/dred.png>
Package pdftex.def Info: subfiles/imgs/dred.png  used on input line 503.
(pdftex.def)             Requested size: 132.49467pt x 48.17987pt.
 [23 <./subfiles/imgs/hotred.png>]
<subfiles/imgs/tred.png, id=571, 289.08pt x 133.49875pt>
File: subfiles/imgs/tred.png Graphic file (type png)
<use subfiles/imgs/tred.png>
Package pdftex.def Info: subfiles/imgs/tred.png  used on input line 515.
(pdftex.def)             Requested size: 144.53964pt x 66.74919pt.
<subfiles/imgs/1nred.png, id=572, 472.76625pt x 209.78375pt>
File: subfiles/imgs/1nred.png Graphic file (type png)
<use subfiles/imgs/1nred.png>
Package pdftex.def Info: subfiles/imgs/1nred.png  used on input line 535.
(pdftex.def)             Requested size: 236.38254pt x 104.8916pt.
 [24 <./subfiles/imgs/dred.png> <./subfiles/imgs/tred.png>] [25 <./subfiles/img
s/1nred.png>] [26]) (./subfiles/chapter1.tex [27]
Chapter 2.
[28

] [29]
Overfull \hbox (0.20517pt too wide) in paragraph at lines 52--53
\T1/EBGaramond-OsF/regular/n/12 (-10) the FMECA) and other qual-i-ta-tive (and 
quan-ti-ta-tive) an-a-lyt-i-cal meth-ods within
 []

[30] [31]) (./subfiles/chapter2.tex [32]
Chapter 3.
[33

]
Overfull \hbox (24.34015pt too wide) in paragraph at lines 24--25
\T1/EBGaramond-OsF/regular/n/12 (-10) ($\OML/cmm/m/it/12 ^^U[]$\T1/EBGaramond-O
sF/regular/n/12 (-10) , i.e. \T1/EBGaramond-OsF/regular/it/12 Dan-ger-ous Un-de
-tected \T1/EBGaramond-OsF/regular/n/12 (-10) by a safety mech-a-nism faults [[
]])
 []

[34]
Overfull \hbox (5.75752pt too wide) in paragraph at lines 31--32
\T1/EBGaramond-OsF/regular/n/12 (-10) Formal meth-ods [[], []] are mostly used
 []

[35] (./subfiles/ticks/counter.tex
LaTeX Font Info:    Font shape `T1/EBGaramond-OsF/m/n' in size <10> not availab
le
(Font)              Font shape `T1/EBGaramond-OsF/regular/n' tried instead on i
nput line 81.
LaTeX Font Info:    Font shape `T1/EBGaramond-OsF/regular/n' will be
(Font)              scaled to size 10.0pt on input line 81.
LaTeX Font Info:    Font shape `T1/EBGaramond-OsF/m/n' in size <8> not availabl
e
(Font)              Font shape `T1/EBGaramond-OsF/regular/n' tried instead on i
nput line 89.
LaTeX Font Info:    Font shape `T1/EBGaramond-OsF/regular/n' will be
(Font)              scaled to size 8.0pt on input line 89.
LaTeX Font Info:    Font shape `TS1/EBGaramond-OsF/m/n' in size <5> not availab
le
(Font)              Font shape `TS1/EBGaramond-OsF/regular/n' tried instead on 
input line 94.
LaTeX Font Info:    Font shape `TS1/EBGaramond-OsF/regular/n' will be
(Font)              scaled to size 5.0pt on input line 94.
) [36] [37] [38] [39]
<subfiles/imgs/altarica-dysfunctional-model.png, id=740, 479.391pt x 219.219pt>

File: subfiles/imgs/altarica-dysfunctional-model.png Graphic file (type png)
<use subfiles/imgs/altarica-dysfunctional-model.png>
Package pdftex.def Info: subfiles/imgs/altarica-dysfunctional-model.png  used o
n input line 122.
(pdftex.def)             Requested size: 123.31284pt x 56.3868pt.
 [40]
<subfiles/imgs/wrongly_identified_for_paper.png, id=749, 462.528pt x 289.08pt>
File: subfiles/imgs/wrongly_identified_for_paper.png Graphic file (type png)
<use subfiles/imgs/wrongly_identified_for_paper.png>
Package pdftex.def Info: subfiles/imgs/wrongly_identified_for_paper.png  used o
n input line 132.
(pdftex.def)             Requested size: 176.15814pt x 110.09854pt.


LaTeX Warning: Reference `block_full_system_fi_results' on page 41 undefined on
 input line 151.

[41 <./subfiles/imgs/altarica-dysfunctional-model.png> <./subfiles/imgs/wrongly
_identified_for_paper.png>]
LaTeX Font Info:    Font shape `T1/EBGaramond-OsF/m/it' in size <17.28> not ava
ilable
(Font)              Font shape `T1/EBGaramond-OsF/regular/it' tried instead on 
input line 156.
LaTeX Font Info:    Font shape `T1/EBGaramond-OsF/regular/it' will be
(Font)              scaled to size 17.28pt on input line 156.
 (./subfiles/ticks/complete_system.tex
LaTeX Font Info:    Trying to load font information for T1+pcr on input line 59
.

(/usr/share/texlive/texmf-dist/tex/latex/psnfss/t1pcr.fd
File: t1pcr.fd 2001/06/04 font definitions for T1/pcr.
)
Package microtype Info: Loading generic protrusion settings for font family
(microtype)             `pcr' (encoding: T1).
(microtype)             For optimal results, create family-specific settings.
(microtype)             See the microtype manual for details.
)
<subfiles/imgs/chrono_write.png, id=768, 1164.35pt x 331.2375pt>
File: subfiles/imgs/chrono_write.png Graphic file (type png)
<use subfiles/imgs/chrono_write.png>
Package pdftex.def Info: subfiles/imgs/chrono_write.png  used on input line 164
.
(pdftex.def)             Requested size: 232.86588pt x 66.24632pt.


LaTeX Warning: `!h' float specifier changed to `!ht'.

[42]

LaTeX Warning: No positions in optional float specifier.
               Default added (so using `tbp') on input line 185.

LaTeX Font Info:    Font shape `TS1/EBGaramond-OsF/m/n' in size <10> not availa
ble
(Font)              Font shape `TS1/EBGaramond-OsF/regular/n' tried instead on 
input line 189.
LaTeX Font Info:    Font shape `TS1/EBGaramond-OsF/regular/n' will be
(Font)              scaled to size 10.0pt on input line 189.
LaTeX Font Info:    Font shape `TS1/EBGaramond-OsF/m/n' in size <7> not availab
le
(Font)              Font shape `TS1/EBGaramond-OsF/regular/n' tried instead on 
input line 189.
LaTeX Font Info:    Font shape `TS1/EBGaramond-OsF/regular/n' will be
(Font)              scaled to size 7.0pt on input line 189.
LaTeX Font Info:    Trying to load font information for T1+cmtt on input line 2
07.
(/usr/share/texlive/texmf-dist/tex/latex/base/t1cmtt.fd
File: t1cmtt.fd 2019/12/16 v2.5j Standard LaTeX font definitions
)
Package microtype Info: Loading generic protrusion settings for font family
(microtype)             `cmtt' (encoding: T1).
(microtype)             For optimal results, create family-specific settings.
(microtype)             See the microtype manual for details.
 [43 <./subfiles/imgs/chrono_write.png>] (./subfiles/ticks/simplified_automaton
.tex
Overfull \hbox (4.99664pt too wide) in paragraph at lines 73--73
 \T1/pcr/m/n/10 nominal 
 []


Overfull \hbox (3.56836pt too wide) in paragraph at lines 80--80
 \T1/pcr/m/n/10 faulty 
 []


Overfull \hbox (4.99664pt too wide) in paragraph at lines 87--87
 \T1/pcr/m/n/10 nominal 
 []


Overfull \hbox (3.56836pt too wide) in paragraph at lines 94--94
 \T1/pcr/m/n/10 faulty 
 []

)
Overfull \hbox (7.21304pt too wide) in paragraph at lines 220--221
[]\T1/EBGaramond-OsF/regular/n/12 (-10) only sin-gle (SIN-GLE) non-sequential (
NON-SEQ) trans-fers are per-formed. 
 []


Overfull \hbox (0.4807pt too wide) in paragraph at lines 222--223
[]\T1/EBGaramond-OsF/regular/n/12 (-10) the VIP has not be pro-grammed to gen-e
r-ate HRESP trans-ac-tion re-sponse
 []

[44]
<subfiles/imgs/I2C_AHB.png, id=805, 1053.9375pt x 245.91875pt>
File: subfiles/imgs/I2C_AHB.png Graphic file (type png)
<use subfiles/imgs/I2C_AHB.png>
Package pdftex.def Info: subfiles/imgs/I2C_AHB.png  used on input line 254.
(pdftex.def)             Requested size: 210.78377pt x 49.18288pt.
<subfiles/imgs/I2C_module.png, id=806, 741.77126pt x 414.54875pt>
File: subfiles/imgs/I2C_module.png Graphic file (type png)
<use subfiles/imgs/I2C_module.png>
Package pdftex.def Info: subfiles/imgs/I2C_module.png  used on input line 260.
(pdftex.def)             Requested size: 148.35162pt x 82.90828pt.
<subfiles/imgs/AHB_module.png, id=807, 906.38625pt x 388.45125pt>
File: subfiles/imgs/AHB_module.png Graphic file (type png)
<use subfiles/imgs/AHB_module.png>
Package pdftex.def Info: subfiles/imgs/AHB_module.png  used on input line 266.
(pdftex.def)             Requested size: 181.27403pt x 77.68886pt.


LaTeX Warning: `!h' float specifier changed to `!ht'.

[45 <./subfiles/imgs/I2C_AHB.png> <./subfiles/imgs/I2C_module.png>] [46 <./subf
iles/imgs/AHB_module.png>]

LaTeX Warning: No positions in optional float specifier.
               Default added (so using `tbp') on input line 315.

) (./subfiles/chapter3.tex [47]
Chapter 4.
[48

] [49] [50] [51] (./subfiles/ticks/standalone_bb.tex
LaTeX Font Info:    Font shape `T1/EBGaramond-OsF/m/n' in size <10.95> not avai
lable
(Font)              Font shape `T1/EBGaramond-OsF/regular/n' tried instead on i
nput line 51.
LaTeX Font Info:    Font shape `T1/EBGaramond-OsF/regular/n' will be
(Font)              scaled to size 10.95pt on input line 51.
LaTeX Font Info:    Font shape `TS1/EBGaramond-OsF/m/n' in size <10.95> not ava
ilable
(Font)              Font shape `TS1/EBGaramond-OsF/regular/n' tried instead on 
input line 60.
LaTeX Font Info:    Font shape `TS1/EBGaramond-OsF/regular/n' will be
(Font)              scaled to size 10.95pt on input line 60.


LaTeX Warning: `h' float specifier changed to `ht'.

) [52] (./subfiles/ticks/entire_sw.tex) [53] [54] [55]
Overfull \hbox (38.0369pt too wide) in paragraph at lines 172--184
 [] 
 []


Overfull \hbox (28.40088pt too wide) in paragraph at lines 189--195
 [] 
 []


Overfull \hbox (13.42494pt too wide) in paragraph at lines 200--205
 [] 
 []

(./subfiles/ticks/diagram.tex [56]

LaTeX Warning: `h' float specifier changed to `ht'.

) [57] [58]) (./subfiles/chapter4.tex [59]
Chapter 5.
) (./subfiles/conclusion.tex [60

]
Chapter 6.
) [61

] (./subfiles/appendices.tex
Appendix A.
) [62


]
Overfull \hbox (18.89206pt too wide) in paragraph at lines 141--141
\T1/cmtt/m/n/12 sciencedirect . com / science / article / pii / S00262714140000
67$[]\T1/EBGaramond-OsF/regular/n/12 (-10) . 
 []

[63

]
Overfull \hbox (16.54457pt too wide) in paragraph at lines 141--141
\T1/EBGaramond-OsF/regular/it/12 neer-ing (ICATIECE)\T1/EBGaramond-OsF/regular/
n/12 (-10) . 2019, pp. 310^^U315. \T1/EBGaramond-OsF/m/sc/12/100ls doi\T1/EBGar
amond-OsF/regular/n/12 (-10) : []$\T1/cmtt/m/n/12 10 . 1109 / ICATIECE45860 .
 []

[64]
Overfull \hbox (16.2064pt too wide) in paragraph at lines 141--141
\T1/EBGaramond-OsF/regular/n/12 (-10) CA, USA: Mor-gan Kauf-mann Pub-lish-ers I
nc., 2008. \T1/EBGaramond-OsF/m/sc/12/100ls isbn\T1/EBGaramond-OsF/regular/n/12
 (-10) : 9780080558325. 
 []


Overfull \hbox (5.89359pt too wide) in paragraph at lines 141--141
\T1/EBGaramond-OsF/regular/it/12 tional Con-fer-ence on De-sign Tech-nol-ogy of
 In-te-grated Sys-tems In Nanoscale
 []


Overfull \hbox (19.90215pt too wide) in paragraph at lines 141--141
\T1/EBGaramond-OsF/regular/it/12 In-ter-na-tional Con-fer-ence on Soft-ware Se-
cu-rity and Re-li-a-bil-ity\T1/EBGaramond-OsF/regular/n/12 (-10) . 2012, pp. 20
7^^U
 []

[65] [66]
Package atveryend Info: Empty hook `BeforeClearDocument' on input line 143.
Package atveryend Info: Empty hook `AfterLastShipout' on input line 143.
 (./dissertation.aux)
Package atveryend Info: Executing hook `AtVeryEndDocument' on input line 143.
Package atveryend Info: Executing hook `AtEndAfterFileList' on input line 143.
Package rerunfilecheck Info: File `dissertation.out' has not changed.
(rerunfilecheck)             Checksum: 4E172EEAC25D50C158FE4FD94036B3BC;1899.


LaTeX Warning: There were undefined references.


LaTeX Warning: There were multiply-defined labels.


Package biblatex Warning: Please (re)run Biber on the file:
(biblatex)                dissertation
(biblatex)                and rerun LaTeX afterwards.

Package logreq Info: Writing requests to 'dissertation.run.xml'.
\openout1 = `dissertation.run.xml'.

 ) 
Here is how much of TeX's memory you used:
 37186 strings out of 481239
 740910 string characters out of 5920377
 1528640 words of memory out of 5000000
 51225 multiletter control sequences out of 15000+600000
 666519 words of font info for 183 fonts, out of 8000000 for 9000
 1141 hyphenation exceptions out of 8191
 66i,16n,102p,2936b,2804s stack positions out of 5000i,500n,10000p,200000b,80000s
{/usr/share/texlive/texmf-dist/fonts/enc/dvips/base/8r.enc}{/usr/share/texmf/
fonts/enc/dvips/cm-super/cm-super-t1.enc}{/usr/share/texlive/texmf-dist/fonts/e
nc/dvips/ebgaramond/ebgm_ljow5q.enc}{/usr/share/texlive/texmf-dist/fonts/enc/dv
ips/ebgaramond/ebgm_tcdnmr.enc}{/usr/share/texlive/texmf-dist/fonts/enc/dvips/e
bgaramond/ebgm_ld6df2.enc}{/usr/share/texlive/texmf-dist/fonts/enc/dvips/ebgara
mond/ebgm_byuyni.enc}</usr/share/texlive/texmf-dist/fonts/type1/public/ebgaramo
nd/EBGaramond-Bold.pfb></usr/share/texlive/texmf-dist/fonts/type1/public/ebgara
mond/EBGaramond-Italic.pfb></usr/share/texlive/texmf-dist/fonts/type1/public/eb
garamond/EBGaramond-Regular.pfb></usr/share/texlive/texmf-dist/fonts/type1/publ
ic/amsfonts/cm/cmex10.pfb></usr/share/texlive/texmf-dist/fonts/type1/public/ams
fonts/cm/cmmi12.pfb></usr/share/texlive/texmf-dist/fonts/type1/public/amsfonts/
cm/cmmi6.pfb></usr/share/texlive/texmf-dist/fonts/type1/public/amsfonts/cm/cmmi
8.pfb></usr/share/texlive/texmf-dist/fonts/type1/public/amsfonts/cm/cmr12.pfb><
/usr/share/texlive/texmf-dist/fonts/type1/public/amsfonts/cm/cmr6.pfb></usr/sha
re/texlive/texmf-dist/fonts/type1/public/amsfonts/cm/cmr8.pfb></usr/share/texli
ve/texmf-dist/fonts/type1/public/amsfonts/cm/cmsy10.pfb></usr/share/texlive/tex
mf-dist/fonts/type1/public/amsfonts/cm/cmsy8.pfb></usr/share/texlive/texmf-dist
/fonts/type1/public/amsfonts/symbols/msam10.pfb></usr/share/texmf/fonts/type1/p
ublic/cm-super/sftt1200.pfb></usr/share/texlive/texmf-dist/fonts/type1/urw/cour
ier/ucrb8a.pfb></usr/share/texlive/texmf-dist/fonts/type1/urw/courier/ucrr8a.pf
b></usr/share/texlive/texmf-dist/fonts/type1/public/yhmath/yhcmex.pfb>
Output written on dissertation.pdf (79 pages, 4167601 bytes).
PDF statistics:
 1152 PDF objects out of 1200 (max. 8388607)
 963 compressed objects within 10 object streams
 325 named destinations out of 1000 (max. 500000)
 36332 words of extra memory for PDF output out of 42996 (max. 10000000)

