\BOOKMARK [0][-]{chapter*.3}{Acknowledgments}{}% 1
\BOOKMARK [0][-]{chapter*.4}{List of Figures}{}% 2
\BOOKMARK [0][-]{chapter*.5}{List of Tables}{}% 3
\BOOKMARK [-1][-]{part.1}{I Introduction}{}% 4
\BOOKMARK [0][-]{chapter.1}{Background}{part.1}% 5
\BOOKMARK [1][-]{section.1.1}{The Space Environment}{chapter.1}% 6
\BOOKMARK [1][-]{section.1.2}{The Earth Environment}{chapter.1}% 7
\BOOKMARK [1][-]{section.1.3}{Military Environment}{chapter.1}% 8
\BOOKMARK [1][-]{section.1.4}{Radiation Effects on COTS Components}{chapter.1}% 9
\BOOKMARK [1][-]{section.1.5}{Types of redundant architectures}{chapter.1}% 10
\BOOKMARK [0][-]{chapter.2}{ISO26262}{part.1}% 11
\BOOKMARK [1][-]{section.2.1}{introduction}{chapter.2}% 12
\BOOKMARK [0][-]{chapter.3}{Failure Mode and Effect Analysis FMEA}{part.1}% 13
\BOOKMARK [1][-]{section.3.1}{Introduction}{chapter.3}% 14
\BOOKMARK [1][-]{section.3.2}{Procedure}{chapter.3}% 15
\BOOKMARK [1][-]{section.3.3}{Analysis}{chapter.3}% 16
\BOOKMARK [1][-]{section.3.4}{Application}{chapter.3}% 17
\BOOKMARK [1][-]{section.3.5}{Supplementary Information}{chapter.3}% 18
\BOOKMARK [1][-]{section.3.6}{1.9 Consequences of System Failure}{chapter.3}% 19
\BOOKMARK [0][-]{chapter.4}{Problem, Proposals and Contributions}{part.1}% 20
\BOOKMARK [1][-]{section.4.1}{Timeliness and Relevance of the Subject}{chapter.4}% 21
\BOOKMARK [1][-]{section.4.2}{Manuscript Organization}{chapter.4}% 22
\BOOKMARK [1][-]{section.4.3}{Contributions and Perspectives}{chapter.4}% 23
\BOOKMARK [-1][-]{part.2}{II Scientific Contributions}{}% 24
\BOOKMARK [0][-]{chapter.5}{Basic Hardware Components}{part.2}% 25
\BOOKMARK [1][-]{section.5.1}{Introduction}{chapter.5}% 26
\BOOKMARK [1][-]{section.5.2}{State-of-the-Art}{chapter.5}% 27
\BOOKMARK [1][-]{section.5.3}{First Manual Application of FMEA on a SoC}{chapter.5}% 28
\BOOKMARK [1][-]{section.5.4}{Modeling Digital Systems for MBSA}{chapter.5}% 29
\BOOKMARK [1][-]{section.5.5}{Methodology}{chapter.5}% 30
\BOOKMARK [1][-]{section.5.6}{Application: I2C to AHB bridge}{chapter.5}% 31
\BOOKMARK [1][-]{section.5.7}{Results on the I2C to AHB System}{chapter.5}% 32
\BOOKMARK [1][-]{section.5.8}{Second Proof of Concept 4BlocksSystem}{chapter.5}% 33
\BOOKMARK [1][-]{section.5.9}{Discussion and Future Work}{chapter.5}% 34
\BOOKMARK [0][-]{chapter.6}{Complex and -Processor Bsed Systems}{part.2}% 35
\BOOKMARK [1][-]{section.6.1}{Introduction}{chapter.6}% 36
\BOOKMARK [1][-]{section.6.2}{State of the Art}{chapter.6}% 37
\BOOKMARK [1][-]{section.6.3}{Methodology}{chapter.6}% 38
\BOOKMARK [1][-]{section.6.4}{Test Case and Application}{chapter.6}% 39
\BOOKMARK [1][-]{section.6.5}{Results and Future Work}{chapter.6}% 40
\BOOKMARK [0][-]{chapter.7}{CERN Use Case}{part.2}% 41
\BOOKMARK [1][-]{section.7.1}{LHC Detectors at CERN}{chapter.7}% 42
\BOOKMARK [1][-]{section.7.2}{Radiation Effects on CMOS Electronics}{chapter.7}% 43
\BOOKMARK [1][-]{section.7.3}{Radiation-Tolerant Design}{chapter.7}% 44
\BOOKMARK [1][-]{section.7.4}{Universal Verification Methodology}{chapter.7}% 45
\BOOKMARK [1][-]{section.7.5}{Physical Implementation of Digital ICs}{chapter.7}% 46
\BOOKMARK [1][-]{section.7.6}{The PicoRV32: System on Chip}{chapter.7}% 47
\BOOKMARK [-1][-]{part.3}{III Conclusions and Prospectives}{}% 48
\BOOKMARK [0][-]{chapter.8}{Conclusions}{part.3}% 49
\BOOKMARK [0][-]{chapter.9}{Prospectives}{part.3}% 50
\BOOKMARK [0][-]{section*.96}{Appendices}{part.3}% 51
\BOOKMARK [0][-]{appendix.a.A}{Timer}{part.3}% 52
\BOOKMARK [1][-]{section.a.A.1}{Counter and Prescaler}{appendix.a.A}% 53
\BOOKMARK [1][-]{section.a.A.2}{Capture/Compare Register}{appendix.a.A}% 54
\BOOKMARK [1][-]{section.a.A.3}{UVM Verification}{appendix.a.A}% 55
\BOOKMARK [0][-]{appendix.a.B}{SPI Master}{part.3}% 56
\BOOKMARK [1][-]{section.a.B.1}{Development}{appendix.a.B}% 57
\BOOKMARK [1][-]{section.a.B.2}{UVM Verification}{appendix.a.B}% 58
\BOOKMARK [0][-]{appendix.a.C}{UART Controller}{part.3}% 59
\BOOKMARK [1][-]{section.a.C.1}{Baud Rate Generator}{appendix.a.C}% 60
\BOOKMARK [1][-]{section.a.C.2}{First In First Out buffer}{appendix.a.C}% 61
\BOOKMARK [1][-]{section.a.C.3}{Tx/Rx Controller}{appendix.a.C}% 62
\BOOKMARK [1][-]{section.a.C.4}{Verification of UART Controller Design}{appendix.a.C}% 63
\BOOKMARK [1][-]{section.a.C.5}{Triplication}{appendix.a.C}% 64
\BOOKMARK [1][-]{section.a.C.6}{Physical Implementation}{appendix.a.C}% 65
\BOOKMARK [0][-]{figure.caption.117}{Bibliography}{part.3}% 66
